2026/01/20 09:36:40 event_bus.go:135: Subscribed to event: websocket
2026/01/20 09:36:40 main.go:121: http server start  0.0.0.0:34332
2026/01/20 09:38:51 event_bus.go:135: Subscribed to event: websocket
2026/01/20 09:38:51 main.go:121: http server start  0.0.0.0:34332
2026/01/20 09:39:13 user_message_group.go:11: 123
2026/01/20 09:39:13 register_websocket.go:28: 123
2026/01/20 09:39:13 register_websocket.go:29: asdasdas123123
2026/01/20 09:44:36 event_bus.go:135: Subscribed to event: websocket
2026/01/20 09:44:36 main.go:121: http server start  0.0.0.0:34332
2026/01/20 09:44:46 user_message_group.go:11: 123
2026/01/20 09:44:46 register_websocket.go:28: 123
2026/01/20 09:44:46 register_websocket.go:29: asdasdas123123
2026/01/20 09:45:52 user_message_group.go:11: 123
2026/01/20 09:45:52 register_websocket.go:28: 123
2026/01/20 09:45:52 register_websocket.go:29: asdasdas123123
2026/01/20 09:46:19 event_bus.go:135: Subscribed to event: websocket
2026/01/20 09:46:19 main.go:121: http server start  0.0.0.0:34332
2026/01/20 09:46:27 user_message_group.go:11: 123
2026/01/20 09:46:27 register_websocket.go:28: 123
2026/01/20 09:46:27 register_websocket.go:29: asdasdas123123
2026/01/20 09:49:06 user_message_group.go:11: 123
2026/01/20 09:49:06 register_websocket.go:28: 123
2026/01/20 09:49:06 register_websocket.go:29: asdasdas123123
2026/01/20 09:49:11 search.go:37: Key: 'SearchParams.Keyword' Error:Field validation for 'Keyword' failed on the 'required' tag
2026/01/20 09:50:30 event_bus.go:135: Subscribed to event: websocket
2026/01/20 09:50:30 main.go:121: http server start  0.0.0.0:34332
2026/01/20 09:50:31 register_websocket.go:28: 123
2026/01/20 09:50:31 register_websocket.go:29: asdasdas123123
2026/01/20 09:50:40 user_message_group.go:11: 1234
2026/01/20 09:50:40 register_websocket.go:28: 1234
2026/01/20 09:50:40 register_websocket.go:29: asdasdas123123
2026/01/20 09:50:47 search.go:37: Key: 'SearchParams.Keyword' Error:Field validation for 'Keyword' failed on the 'required' tag
2026/01/20 09:53:25 event_bus.go:135: Subscribed to event: websocket
2026/01/20 09:53:25 main.go:121: http server start  0.0.0.0:34332
2026/01/20 09:53:58 user_message_group.go:11: 123
2026/01/20 09:53:58 register_websocket.go:28: 123
2026/01/20 09:53:58 register_websocket.go:29: asdasdas123123
2026/01/20 09:54:03 join_group_chat.go:21: Key: 'JoinGroupChatParams.FriendId' Error:Field validation for 'FriendId' failed on the 'required' tag
2026/01/20 09:54:40 event_bus.go:135: Subscribed to event: websocket
2026/01/20 09:54:40 main.go:121: http server start  0.0.0.0:34332
2026/01/20 09:54:46 user_message_group.go:11: 123
2026/01/20 09:54:47 register_websocket.go:28: 123
2026/01/20 09:54:47 register_websocket.go:29: asdasdas123123
2026/01/20 09:55:13 user_send_message.go:28: 123 6870a871-7e08-49b9-a9e8-eda3a8d4bff4 1
2026/01/20 09:55:13 user_send_message.go:62: []
2026/01/20 09:55:13 user_send_message.go:108: 123
2026/01/20 09:55:14 user_send_message.go:28: 123 6870a871-7e08-49b9-a9e8-eda3a8d4bff4 2
2026/01/20 09:55:14 user_send_message.go:62: []
2026/01/20 09:55:14 user_send_message.go:108: 123
2026/01/20 09:55:15 user_send_message.go:28: 123 6870a871-7e08-49b9-a9e8-eda3a8d4bff4 3
2026/01/20 09:55:15 user_send_message.go:62: []
2026/01/20 09:55:15 user_send_message.go:108: 123
2026/01/20 09:55:15 user_send_message.go:28: 123 6870a871-7e08-49b9-a9e8-eda3a8d4bff4 4
2026/01/20 09:55:15 user_send_message.go:62: []
2026/01/20 09:55:15 user_send_message.go:108: 123
2026/01/20 09:55:15 user_send_message.go:28: 123 6870a871-7e08-49b9-a9e8-eda3a8d4bff4 5
2026/01/20 09:55:15 user_send_message.go:62: []
2026/01/20 09:55:15 user_send_message.go:108: 123
2026/01/20 09:55:16 user_send_message.go:28: 123 6870a871-7e08-49b9-a9e8-eda3a8d4bff4 6
2026/01/20 09:55:16 user_send_message.go:62: []
2026/01/20 09:55:16 user_send_message.go:108: 123
2026/01/20 09:55:19 user_send_message.go:28: 123 6870a871-7e08-49b9-a9e8-eda3a8d4bff4 6
2026/01/20 09:55:19 user_send_message.go:62: []
2026/01/20 09:55:19 user_send_message.go:108: 123
2026/01/20 09:55:22 user_send_message.go:28: 123 6870a871-7e08-49b9-a9e8-eda3a8d4bff4 wwww
2026/01/20 09:55:22 user_send_message.go:62: []
2026/01/20 09:55:22 user_send_message.go:108: 123
