2026/01/13 10:01:55 event_bus.go:135: Subscribed to event: websocket
2026/01/13 10:01:55 main.go:120: http server start  0.0.0.0:34332
2026/01/13 10:03:48 register_websocket.go:27: 5a8e1090-51b8-41bc-84c0-1e2acd7adc39
2026/01/13 10:03:48 register_websocket.go:28: asdasdas123123
2026/01/13 10:19:21 register_websocket.go:27: 1ea2d842-69ec-47bd-a809-f42211e282f6
2026/01/13 10:19:21 register_websocket.go:28: asdasdas123123
2026/01/13 10:42:36 register_websocket.go:27: d84d44fc-8ca0-4d17-a2de-c56cafc63d28
2026/01/13 10:42:36 register_websocket.go:28: asdasdas123123
2026/01/13 10:48:31 register_websocket.go:27: a6927e90-4138-4506-bd7d-17006a50a0b6
2026/01/13 10:48:31 register_websocket.go:28: asdasdas123123
2026/01/13 10:49:32 register_websocket.go:27: 17c2ebd2-bda5-475a-84cb-be143448e755
2026/01/13 10:49:32 register_websocket.go:28: asdasdas123123
2026/01/13 10:51:10 register_websocket.go:27: 86e12121-8bbb-41ce-94fd-1bf0f0530163
2026/01/13 10:51:10 register_websocket.go:28: asdasdas123123
2026/01/13 10:51:44 register_websocket.go:27: b2baab4f-15cb-4a17-8db6-a2e5368051cd
2026/01/13 10:51:44 register_websocket.go:28: asdasdas123123
2026/01/13 11:19:55 register_websocket.go:27: 141ab520-47dc-43c2-8825-db5778c8cb03
2026/01/13 11:19:55 register_websocket.go:28: asdasdas123123
2026/01/13 11:26:23 register_websocket.go:27: 2fd3cfee-3c5b-4059-845e-2fb022a3acfa
2026/01/13 11:26:23 register_websocket.go:28: asdasdas123123
2026/01/13 11:27:01 register_websocket.go:27: 2dfefc57-3b76-4d8c-8f9d-c362b9975781
2026/01/13 11:27:01 register_websocket.go:28: asdasdas123123
2026/01/13 11:27:06 user_send_message.go:28: 2dfefc57-3b76-4d8c-8f9d-c362b9975781 c5930283-494d-4cfa-857a-a671021a86e3 1
2026/01/13 11:27:06 register_websocket.go:27: 2dfefc57-3b76-4d8c-8f9d-c362b9975781
2026/01/13 11:27:06 register_websocket.go:28: asdasdas123123
2026/01/13 11:27:59 register_websocket.go:27: 2dfefc57-3b76-4d8c-8f9d-c362b9975781
2026/01/13 11:27:59 register_websocket.go:28: asdasdas123123
2026/01/13 11:28:04 register_websocket.go:27: 2dfefc57-3b76-4d8c-8f9d-c362b9975781
2026/01/13 11:28:04 register_websocket.go:28: asdasdas123123
2026/01/13 11:34:21 register_websocket.go:27: 2dfefc57-3b76-4d8c-8f9d-c362b9975781
2026/01/13 11:34:21 register_websocket.go:28: asdasdas123123
2026/01/13 11:35:00 register_websocket.go:27: 2dfefc57-3b76-4d8c-8f9d-c362b9975781
2026/01/13 11:35:00 register_websocket.go:28: asdasdas123123
2026/01/13 11:36:11 register_websocket.go:27: 2dfefc57-3b76-4d8c-8f9d-c362b9975781
2026/01/13 11:36:11 register_websocket.go:28: asdasdas123123
2026/01/13 11:36:16 register_websocket.go:27: 2dfefc57-3b76-4d8c-8f9d-c362b9975781
2026/01/13 11:36:16 register_websocket.go:28: asdasdas123123
2026/01/13 11:36:40 register_websocket.go:27: 2dfefc57-3b76-4d8c-8f9d-c362b9975781
2026/01/13 11:36:40 register_websocket.go:28: asdasdas123123
2026/01/13 11:38:15 register_websocket.go:27: 2dfefc57-3b76-4d8c-8f9d-c362b9975781
2026/01/13 11:38:15 register_websocket.go:28: asdasdas123123
2026/01/13 11:50:11 register_websocket.go:27: 2dfefc57-3b76-4d8c-8f9d-c362b9975781
2026/01/13 11:50:11 register_websocket.go:28: asdasdas123123
2026/01/13 11:50:16 register_websocket.go:27: 2dfefc57-3b76-4d8c-8f9d-c362b9975781
2026/01/13 11:50:16 register_websocket.go:28: asdasdas123123
2026/01/13 11:50:48 register_websocket.go:27: 2dfefc57-3b76-4d8c-8f9d-c362b9975781
2026/01/13 11:50:48 register_websocket.go:28: asdasdas123123
2026/01/13 11:52:14 register_websocket.go:27: 2dfefc57-3b76-4d8c-8f9d-c362b9975781
2026/01/13 11:52:14 register_websocket.go:28: asdasdas123123
2026/01/13 11:53:22 register_websocket.go:27: 2dfefc57-3b76-4d8c-8f9d-c362b9975781
2026/01/13 11:53:22 register_websocket.go:28: asdasdas123123
2026/01/13 11:54:17 register_websocket.go:27: 2dfefc57-3b76-4d8c-8f9d-c362b9975781
2026/01/13 11:54:17 register_websocket.go:28: asdasdas123123
2026/01/13 11:54:49 register_websocket.go:27: 2dfefc57-3b76-4d8c-8f9d-c362b9975781
2026/01/13 11:54:49 register_websocket.go:28: asdasdas123123
2026/01/13 11:55:08 register_websocket.go:27: 2dfefc57-3b76-4d8c-8f9d-c362b9975781
2026/01/13 11:55:08 register_websocket.go:28: asdasdas123123
2026/01/13 11:55:13 register_websocket.go:27: 2dfefc57-3b76-4d8c-8f9d-c362b9975781
2026/01/13 11:55:13 register_websocket.go:28: asdasdas123123
2026/01/13 11:56:53 register_websocket.go:27: 2dfefc57-3b76-4d8c-8f9d-c362b9975781
2026/01/13 11:56:53 register_websocket.go:28: asdasdas123123
2026/01/13 11:58:07 register_websocket.go:27: 2dfefc57-3b76-4d8c-8f9d-c362b9975781
2026/01/13 11:58:07 register_websocket.go:28: asdasdas123123
2026/01/13 11:58:54 register_websocket.go:27: 2dfefc57-3b76-4d8c-8f9d-c362b9975781
2026/01/13 11:58:54 register_websocket.go:28: asdasdas123123
2026/01/13 11:59:09 register_websocket.go:27: 2dfefc57-3b76-4d8c-8f9d-c362b9975781
2026/01/13 11:59:09 register_websocket.go:28: asdasdas123123
2026/01/13 12:00:13 register_websocket.go:27: 2dfefc57-3b76-4d8c-8f9d-c362b9975781
2026/01/13 12:00:13 register_websocket.go:28: asdasdas123123
2026/01/13 12:00:38 register_websocket.go:27: 2dfefc57-3b76-4d8c-8f9d-c362b9975781
2026/01/13 12:00:38 register_websocket.go:28: asdasdas123123
2026/01/13 12:01:05 register_websocket.go:27: 2dfefc57-3b76-4d8c-8f9d-c362b9975781
2026/01/13 12:01:05 register_websocket.go:28: asdasdas123123
2026/01/13 12:01:45 register_websocket.go:27: 2dfefc57-3b76-4d8c-8f9d-c362b9975781
2026/01/13 12:01:45 register_websocket.go:28: asdasdas123123
2026/01/13 12:02:31 register_websocket.go:27: 2dfefc57-3b76-4d8c-8f9d-c362b9975781
2026/01/13 12:02:31 register_websocket.go:28: asdasdas123123
2026/01/13 12:02:36 register_websocket.go:27: 2dfefc57-3b76-4d8c-8f9d-c362b9975781
2026/01/13 12:02:36 register_websocket.go:28: asdasdas123123
2026/01/13 12:04:05 register_websocket.go:27: 2dfefc57-3b76-4d8c-8f9d-c362b9975781
2026/01/13 12:04:05 register_websocket.go:28: asdasdas123123
2026/01/13 12:04:29 register_websocket.go:27: 2dfefc57-3b76-4d8c-8f9d-c362b9975781
2026/01/13 12:04:29 register_websocket.go:28: asdasdas123123
2026/01/13 12:04:34 register_websocket.go:27: 2dfefc57-3b76-4d8c-8f9d-c362b9975781
2026/01/13 12:04:34 register_websocket.go:28: asdasdas123123
2026/01/13 12:06:16 register_websocket.go:27: 2dfefc57-3b76-4d8c-8f9d-c362b9975781
2026/01/13 12:06:16 register_websocket.go:28: asdasdas123123
2026/01/13 12:13:15 register_websocket.go:27: 2dfefc57-3b76-4d8c-8f9d-c362b9975781
2026/01/13 12:13:15 register_websocket.go:28: asdasdas123123
2026/01/13 12:14:35 register_websocket.go:27: 2dfefc57-3b76-4d8c-8f9d-c362b9975781
2026/01/13 12:14:35 register_websocket.go:28: asdasdas123123
2026/01/13 12:18:31 register_websocket.go:27: 2dfefc57-3b76-4d8c-8f9d-c362b9975781
2026/01/13 12:18:31 register_websocket.go:28: asdasdas123123
2026/01/13 12:22:31 register_websocket.go:27: 2dfefc57-3b76-4d8c-8f9d-c362b9975781
2026/01/13 12:22:31 register_websocket.go:28: asdasdas123123
2026/01/13 12:26:31 register_websocket.go:27: 2dfefc57-3b76-4d8c-8f9d-c362b9975781
2026/01/13 12:26:31 register_websocket.go:28: asdasdas123123
2026/01/13 12:30:32 register_websocket.go:27: 2dfefc57-3b76-4d8c-8f9d-c362b9975781
2026/01/13 12:30:32 register_websocket.go:28: asdasdas123123
2026/01/13 12:34:32 register_websocket.go:27: 2dfefc57-3b76-4d8c-8f9d-c362b9975781
2026/01/13 12:34:32 register_websocket.go:28: asdasdas123123
2026/01/13 12:38:33 register_websocket.go:27: 2dfefc57-3b76-4d8c-8f9d-c362b9975781
2026/01/13 12:38:33 register_websocket.go:28: asdasdas123123
2026/01/13 12:42:33 register_websocket.go:27: 2dfefc57-3b76-4d8c-8f9d-c362b9975781
2026/01/13 12:42:33 register_websocket.go:28: asdasdas123123
2026/01/13 12:46:34 register_websocket.go:27: 2dfefc57-3b76-4d8c-8f9d-c362b9975781
2026/01/13 12:46:34 register_websocket.go:28: asdasdas123123
2026/01/13 12:50:34 register_websocket.go:27: 2dfefc57-3b76-4d8c-8f9d-c362b9975781
2026/01/13 12:50:34 register_websocket.go:28: asdasdas123123
2026/01/13 12:54:34 register_websocket.go:27: 2dfefc57-3b76-4d8c-8f9d-c362b9975781
2026/01/13 12:54:34 register_websocket.go:28: asdasdas123123
2026/01/13 12:58:35 register_websocket.go:27: 2dfefc57-3b76-4d8c-8f9d-c362b9975781
2026/01/13 12:58:35 register_websocket.go:28: asdasdas123123
2026/01/13 13:02:35 register_websocket.go:27: 2dfefc57-3b76-4d8c-8f9d-c362b9975781
2026/01/13 13:02:35 register_websocket.go:28: asdasdas123123
2026/01/13 13:06:36 register_websocket.go:27: 2dfefc57-3b76-4d8c-8f9d-c362b9975781
2026/01/13 13:06:36 register_websocket.go:28: asdasdas123123
2026/01/13 13:10:36 register_websocket.go:27: 2dfefc57-3b76-4d8c-8f9d-c362b9975781
2026/01/13 13:10:36 register_websocket.go:28: asdasdas123123
2026/01/13 13:14:37 register_websocket.go:27: 2dfefc57-3b76-4d8c-8f9d-c362b9975781
2026/01/13 13:14:37 register_websocket.go:28: asdasdas123123
2026/01/13 13:18:37 register_websocket.go:27: 2dfefc57-3b76-4d8c-8f9d-c362b9975781
2026/01/13 13:18:37 register_websocket.go:28: asdasdas123123
2026/01/13 13:22:33 register_websocket.go:27: 2dfefc57-3b76-4d8c-8f9d-c362b9975781
2026/01/13 13:22:33 register_websocket.go:28: asdasdas123123
2026/01/13 13:26:33 register_websocket.go:27: 2dfefc57-3b76-4d8c-8f9d-c362b9975781
2026/01/13 13:26:33 register_websocket.go:28: asdasdas123123
2026/01/13 13:30:34 register_websocket.go:27: 2dfefc57-3b76-4d8c-8f9d-c362b9975781
2026/01/13 13:30:34 register_websocket.go:28: asdasdas123123
2026/01/13 13:33:17 register_websocket.go:27: 2dfefc57-3b76-4d8c-8f9d-c362b9975781
2026/01/13 13:33:17 register_websocket.go:28: asdasdas123123
2026/01/13 13:34:38 register_websocket.go:27: 2dfefc57-3b76-4d8c-8f9d-c362b9975781
2026/01/13 13:34:38 register_websocket.go:28: asdasdas123123
2026/01/13 13:35:21 register_websocket.go:27: 2dfefc57-3b76-4d8c-8f9d-c362b9975781
2026/01/13 13:35:21 register_websocket.go:28: asdasdas123123
2026/01/13 13:36:36 register_websocket.go:27: 2dfefc57-3b76-4d8c-8f9d-c362b9975781
2026/01/13 13:36:36 register_websocket.go:28: asdasdas123123
2026/01/13 13:39:05 register_websocket.go:27: 2dfefc57-3b76-4d8c-8f9d-c362b9975781
2026/01/13 13:39:05 register_websocket.go:28: asdasdas123123
2026/01/13 13:39:30 register_websocket.go:27: 2dfefc57-3b76-4d8c-8f9d-c362b9975781
2026/01/13 13:39:30 register_websocket.go:28: asdasdas123123
2026/01/13 13:41:13 register_websocket.go:27: 2dfefc57-3b76-4d8c-8f9d-c362b9975781
2026/01/13 13:41:13 register_websocket.go:28: asdasdas123123
2026/01/13 13:41:39 register_websocket.go:27: 2dfefc57-3b76-4d8c-8f9d-c362b9975781
2026/01/13 13:41:39 register_websocket.go:28: asdasdas123123
2026/01/13 13:41:44 register_websocket.go:27: 2dfefc57-3b76-4d8c-8f9d-c362b9975781
2026/01/13 13:41:44 register_websocket.go:28: asdasdas123123
2026/01/13 13:44:16 register_websocket.go:27: 2dfefc57-3b76-4d8c-8f9d-c362b9975781
2026/01/13 13:44:16 register_websocket.go:28: asdasdas123123
2026/01/13 13:44:39 register_websocket.go:27: 2dfefc57-3b76-4d8c-8f9d-c362b9975781
2026/01/13 13:44:39 register_websocket.go:28: asdasdas123123
2026/01/13 13:44:58 register_websocket.go:27: 2dfefc57-3b76-4d8c-8f9d-c362b9975781
2026/01/13 13:44:58 register_websocket.go:28: asdasdas123123
2026/01/13 13:45:03 register_websocket.go:27: 2dfefc57-3b76-4d8c-8f9d-c362b9975781
2026/01/13 13:45:03 register_websocket.go:28: asdasdas123123
2026/01/13 13:45:46 register_websocket.go:27: 2dfefc57-3b76-4d8c-8f9d-c362b9975781
2026/01/13 13:45:46 register_websocket.go:28: asdasdas123123
2026/01/13 13:46:09 register_websocket.go:27: 2dfefc57-3b76-4d8c-8f9d-c362b9975781
2026/01/13 13:46:09 register_websocket.go:28: asdasdas123123
2026/01/13 13:46:14 register_websocket.go:27: 2dfefc57-3b76-4d8c-8f9d-c362b9975781
2026/01/13 13:46:14 register_websocket.go:28: asdasdas123123
2026/01/13 13:47:08 register_websocket.go:27: 2dfefc57-3b76-4d8c-8f9d-c362b9975781
2026/01/13 13:47:08 register_websocket.go:28: asdasdas123123
2026/01/13 13:48:44 register_websocket.go:27: 2dfefc57-3b76-4d8c-8f9d-c362b9975781
2026/01/13 13:48:44 register_websocket.go:28: asdasdas123123
2026/01/13 13:51:45 register_websocket.go:27: 2dfefc57-3b76-4d8c-8f9d-c362b9975781
2026/01/13 13:51:45 register_websocket.go:28: asdasdas123123
2026/01/13 13:52:10 register_websocket.go:27: 2dfefc57-3b76-4d8c-8f9d-c362b9975781
2026/01/13 13:52:10 register_websocket.go:28: asdasdas123123
2026/01/13 13:52:51 register_websocket.go:27: 2dfefc57-3b76-4d8c-8f9d-c362b9975781
2026/01/13 13:52:51 register_websocket.go:28: asdasdas123123
2026/01/13 13:53:07 register_websocket.go:27: 2dfefc57-3b76-4d8c-8f9d-c362b9975781
2026/01/13 13:53:07 register_websocket.go:28: asdasdas123123
2026/01/13 13:53:12 register_websocket.go:27: 2dfefc57-3b76-4d8c-8f9d-c362b9975781
2026/01/13 13:53:12 register_websocket.go:28: asdasdas123123
2026/01/13 14:01:10 register_websocket.go:27: 2dfefc57-3b76-4d8c-8f9d-c362b9975781
2026/01/13 14:01:10 register_websocket.go:28: asdasdas123123
2026/01/13 14:03:10 register_websocket.go:27: 2dfefc57-3b76-4d8c-8f9d-c362b9975781
2026/01/13 14:03:10 register_websocket.go:28: asdasdas123123
2026/01/13 14:07:11 register_websocket.go:27: 2dfefc57-3b76-4d8c-8f9d-c362b9975781
2026/01/13 14:07:11 register_websocket.go:28: asdasdas123123
2026/01/13 14:11:11 register_websocket.go:27: 2dfefc57-3b76-4d8c-8f9d-c362b9975781
2026/01/13 14:11:11 register_websocket.go:28: asdasdas123123
2026/01/13 14:15:12 register_websocket.go:27: 2dfefc57-3b76-4d8c-8f9d-c362b9975781
2026/01/13 14:15:12 register_websocket.go:28: asdasdas123123
2026/01/13 14:20:03 register_websocket.go:27: 2dfefc57-3b76-4d8c-8f9d-c362b9975781
2026/01/13 14:20:03 register_websocket.go:28: asdasdas123123
2026/01/13 14:20:12 user_send_message.go:28: 2dfefc57-3b76-4d8c-8f9d-c362b9975781 5e62148a-b83c-4a27-8a8c-fbbb5ad3d684 1
2026/01/13 14:20:13 register_websocket.go:27: 2dfefc57-3b76-4d8c-8f9d-c362b9975781
2026/01/13 14:20:13 register_websocket.go:28: asdasdas123123
2026/01/13 14:20:19 user_send_message.go:28: f3b07c8e-618e-47fb-916a-93ecfb6a5c01 5e62148a-b83c-4a27-8a8c-fbbb5ad3d684 2
2026/01/13 14:20:27 user_send_message.go:28: f3b07c8e-618e-47fb-916a-93ecfb6a5c01 5e62148a-b83c-4a27-8a8c-fbbb5ad3d684 324
2026/01/13 14:21:24 user_send_message.go:28: f3b07c8e-618e-47fb-916a-93ecfb6a5c01 5e62148a-b83c-4a27-8a8c-fbbb5ad3d684 234
2026/01/13 14:21:49 register_websocket.go:27: 69d48ca1-97a0-40b7-9248-c06d4e9122f7
2026/01/13 14:21:49 register_websocket.go:28: asdasdas123123
2026/01/13 14:21:50 user_send_message.go:28: 69d48ca1-97a0-40b7-9248-c06d4e9122f7 729e0f10-96d6-4869-8654-686899058a41 1
2026/01/13 14:27:06 event_bus.go:135: Subscribed to event: websocket
2026/01/13 14:27:06 main.go:120: http server start  0.0.0.0:34332
2026/01/13 14:28:59 register_websocket.go:27: 2dfefc57-3b76-4d8c-8f9d-c362b9975781
2026/01/13 14:28:59 register_websocket.go:28: asdasdas123123
2026/01/13 14:29:04 register_websocket.go:27: 2dfefc57-3b76-4d8c-8f9d-c362b9975781
2026/01/13 14:29:04 register_websocket.go:28: asdasdas123123
2026/01/13 14:29:54 register_websocket.go:27: 97e1ab37-40e1-4e28-a408-c58f119da7a9
2026/01/13 14:29:54 register_websocket.go:28: asdasdas123123
2026/01/13 14:30:21 register_websocket.go:27: 97e1ab37-40e1-4e28-a408-c58f119da7a9
2026/01/13 14:30:21 register_websocket.go:28: asdasdas123123
2026/01/13 14:30:45 user_send_message.go:28: 97e1ab37-40e1-4e28-a408-c58f119da7a9 df32633c-cef0-48e4-807a-8dcf39f20594 1
2026/01/13 14:51:35 register_websocket.go:27: 45acba26-792f-4cea-add9-05653cba41c6
2026/01/13 14:51:35 register_websocket.go:28: asdasdas123123
2026/01/13 14:51:37 user_send_message.go:28: 45acba26-792f-4cea-add9-05653cba41c6 2fc7c480-e7a8-4b75-9111-520a097fd7c7 1
2026/01/13 15:28:25 register_websocket.go:27: b007f2da-2c48-4e76-aa50-5e1d0b8bbb12
2026/01/13 15:28:25 register_websocket.go:28: asdasdas123123
2026/01/13 15:30:39 register_websocket.go:27: 40bdae3d-23a6-4080-89d0-01d8eb7ca897
2026/01/13 15:30:39 register_websocket.go:28: asdasdas123123
2026/01/13 15:31:44 register_websocket.go:27: e84de422-86a8-4fdb-9629-b801b0dc03f7
2026/01/13 15:31:44 register_websocket.go:28: asdasdas123123
2026/01/13 15:31:45 user_send_message.go:28: e84de422-86a8-4fdb-9629-b801b0dc03f7 83088279-739c-4d1b-91ef-1befcf995168 1
2026/01/13 15:33:30 register_websocket.go:27: 5f62f527-09ff-46c3-aec5-52ee437ab4fb
2026/01/13 15:33:30 register_websocket.go:28: asdasdas123123
2026/01/13 15:35:30 register_websocket.go:27: eb7cdbe0-cfcb-4d81-ba17-bee78780c97b
2026/01/13 15:35:30 register_websocket.go:28: asdasdas123123
2026/01/13 15:36:08 register_websocket.go:27: 852e7a26-269b-4423-8e53-bd89ceb9c482
2026/01/13 15:36:08 register_websocket.go:28: asdasdas123123
2026/01/13 15:37:23 event_bus.go:135: Subscribed to event: websocket
2026/01/13 15:37:23 main.go:120: http server start  0.0.0.0:34332
2026/01/13 15:37:36 register_websocket.go:27: efffdd99-17a7-4a63-bc46-7ba1a0a19c35
2026/01/13 15:37:36 register_websocket.go:28: asdasdas123123
2026/01/13 15:41:05 register_websocket.go:27: b368dc4d-8abc-429a-b5dd-e474f99befbf
2026/01/13 15:41:05 register_websocket.go:28: asdasdas123123
2026/01/13 15:43:31 register_websocket.go:27: 7df28e19-a6ea-4dd4-975d-7e454b44c249
2026/01/13 15:43:31 register_websocket.go:28: asdasdas123123
2026/01/13 15:45:54 register_websocket.go:27: 8002e009-24b2-47fb-abe7-be5399b42d90
2026/01/13 15:45:54 register_websocket.go:28: asdasdas123123
2026/01/13 15:50:40 register_websocket.go:27: 8933f3e4-9379-465c-a29c-49491980f611
2026/01/13 15:50:40 register_websocket.go:28: asdasdas123123
2026/01/13 15:52:28 register_websocket.go:27: 160fd197-5e32-45c5-bb0e-104526442b00
2026/01/13 15:52:28 register_websocket.go:28: asdasdas123123
2026/01/13 15:53:35 register_websocket.go:27: b108654f-9d65-4c2d-a525-eceaddafe16d
2026/01/13 15:53:35 register_websocket.go:28: asdasdas123123
2026/01/13 15:54:42 register_websocket.go:27: 943c8df9-1dd7-4ff2-8785-c11bb0d02dd0
2026/01/13 15:54:42 register_websocket.go:28: asdasdas123123
2026/01/13 15:55:11 register_websocket.go:27: d3a37d23-d407-4bd1-9cb5-a2347608d7f1
2026/01/13 15:55:11 register_websocket.go:28: asdasdas123123
2026/01/13 15:55:44 register_websocket.go:27: f57f6918-a489-411f-b127-aa22550cc732
2026/01/13 15:55:44 register_websocket.go:28: asdasdas123123
2026/01/13 17:27:30 register_websocket.go:27: 97e1ab37-40e1-4e28-a408-c58f119da7a9
2026/01/13 17:27:30 register_websocket.go:28: asdasdas123123
2026/01/13 17:27:35 register_websocket.go:27: 97e1ab37-40e1-4e28-a408-c58f119da7a9
2026/01/13 17:27:35 register_websocket.go:28: asdasdas123123
2026/01/13 17:28:50 register_websocket.go:27: 97e1ab37-40e1-4e28-a408-c58f119da7a9
2026/01/13 17:28:50 register_websocket.go:28: asdasdas123123
2026/01/13 17:28:56 user_send_message.go:28: 97e1ab37-40e1-4e28-a408-c58f119da7a9 40b8383f-d762-474e-b489-519db73e34f1 0
2026/01/13 17:29:00 register_websocket.go:27: 97e1ab37-40e1-4e28-a408-c58f119da7a9
2026/01/13 17:29:00 register_websocket.go:28: asdasdas123123
2026/01/13 17:29:07 user_send_message.go:28: 97e1ab37-40e1-4e28-a408-c58f119da7a9 40b8383f-d762-474e-b489-519db73e34f1 0
2026/01/13 17:32:13 event_bus.go:135: Subscribed to event: websocket
2026/01/13 17:32:13 main.go:120: http server start  0.0.0.0:34332
2026/01/13 17:32:18 register_websocket.go:27: 97e1ab37-40e1-4e28-a408-c58f119da7a9
2026/01/13 17:32:18 register_websocket.go:28: asdasdas123123
2026/01/13 17:32:20 user_send_message.go:28: 97e1ab37-40e1-4e28-a408-c58f119da7a9 762ea909-c588-4179-b252-ddac807ccb9f 00
2026/01/13 17:32:56 main.go:120: http server start  0.0.0.0:34332
2026/01/13 17:32:56 event_bus.go:135: Subscribed to event: websocket
2026/01/13 17:32:58 register_websocket.go:27: 97e1ab37-40e1-4e28-a408-c58f119da7a9
2026/01/13 17:32:58 register_websocket.go:28: asdasdas123123
2026/01/13 17:33:01 user_send_message.go:28: 97e1ab37-40e1-4e28-a408-c58f119da7a9 762ea909-c588-4179-b252-ddac807ccb9f 11
2026/01/13 17:37:00 user_send_message.go:28: 97e1ab37-40e1-4e28-a408-c58f119da7a9 762ea909-c588-4179-b252-ddac807ccb9f 00
2026/01/13 17:37:32 event_bus.go:135: Subscribed to event: websocket
2026/01/13 17:37:32 main.go:120: http server start  0.0.0.0:34332
2026/01/13 17:37:34 register_websocket.go:27: 97e1ab37-40e1-4e28-a408-c58f119da7a9
2026/01/13 17:37:34 register_websocket.go:28: asdasdas123123
2026/01/13 17:37:39 register_websocket.go:27: 97e1ab37-40e1-4e28-a408-c58f119da7a9
2026/01/13 17:37:39 register_websocket.go:28: asdasdas123123
2026/01/13 17:37:44 register_websocket.go:27: 97e1ab37-40e1-4e28-a408-c58f119da7a9
2026/01/13 17:37:44 register_websocket.go:28: asdasdas123123
2026/01/13 17:37:49 register_websocket.go:27: 97e1ab37-40e1-4e28-a408-c58f119da7a9
2026/01/13 17:37:49 register_websocket.go:28: asdasdas123123
2026/01/13 17:37:54 register_websocket.go:27: 97e1ab37-40e1-4e28-a408-c58f119da7a9
2026/01/13 17:37:54 register_websocket.go:28: asdasdas123123
2026/01/13 17:37:59 register_websocket.go:27: 97e1ab37-40e1-4e28-a408-c58f119da7a9
2026/01/13 17:37:59 register_websocket.go:28: asdasdas123123
2026/01/13 17:38:04 register_websocket.go:27: 97e1ab37-40e1-4e28-a408-c58f119da7a9
2026/01/13 17:38:04 register_websocket.go:28: asdasdas123123
2026/01/13 17:38:09 register_websocket.go:27: 97e1ab37-40e1-4e28-a408-c58f119da7a9
2026/01/13 17:38:09 register_websocket.go:28: asdasdas123123
2026/01/13 17:38:14 register_websocket.go:27: 97e1ab37-40e1-4e28-a408-c58f119da7a9
2026/01/13 17:38:14 register_websocket.go:28: asdasdas123123
2026/01/13 17:38:19 register_websocket.go:27: 97e1ab37-40e1-4e28-a408-c58f119da7a9
2026/01/13 17:38:19 register_websocket.go:28: asdasdas123123
2026/01/13 17:38:24 register_websocket.go:27: 97e1ab37-40e1-4e28-a408-c58f119da7a9
2026/01/13 17:38:24 register_websocket.go:28: asdasdas123123
2026/01/13 17:38:29 register_websocket.go:27: 97e1ab37-40e1-4e28-a408-c58f119da7a9
2026/01/13 17:38:29 register_websocket.go:28: asdasdas123123
2026/01/13 17:38:40 register_websocket.go:27: 09756056-f481-41c8-bcb7-f7db574d90a8
2026/01/13 17:38:40 register_websocket.go:28: asdasdas123123
2026/01/13 17:39:08 register_websocket.go:27: 09756056-f481-41c8-bcb7-f7db574d90a8
2026/01/13 17:39:08 register_websocket.go:28: asdasdas123123
2026/01/13 17:39:11 user_send_message.go:28: 09756056-f481-41c8-bcb7-f7db574d90a8 78df01da-7073-459b-a3d1-39d2e7841cfe 0
2026/01/13 17:40:47 register_websocket.go:27: 09756056-f481-41c8-bcb7-f7db574d90a8
2026/01/13 17:40:47 register_websocket.go:28: asdasdas123123
2026/01/13 17:41:30 user_send_message.go:28: 09756056-f481-41c8-bcb7-f7db574d90a8 1d4ef417-0f44-4488-85fc-c83ee3ca6bb4 00
2026/01/13 17:43:17 register_websocket.go:27: 09756056-f481-41c8-bcb7-f7db574d90a8
2026/01/13 17:43:17 register_websocket.go:28: asdasdas123123
2026/01/13 17:43:19 user_send_message.go:28: 09756056-f481-41c8-bcb7-f7db574d90a8 57d280e8-3712-4e6f-adfd-00001dfdc7e2 00
