2026/01/16 10:10:48 event_bus.go:135: Subscribed to event: websocket
2026/01/16 10:10:48 main.go:121: http server start  0.0.0.0:34332
2026/01/16 10:24:26 user_message_group.go:11: 1231
2026/01/16 10:24:26 register_websocket.go:28: 1231
2026/01/16 10:24:26 register_websocket.go:29: asdasdas123123
2026/01/16 10:24:29 user_send_message.go:28: 1231 848d052e-1d98-4cd1-b5f8-6fae9048efbd 1
2026/01/16 10:24:29 user_send_message.go:62: []
2026/01/16 10:24:40 user_send_message.go:28: 1231 848d052e-1d98-4cd1-b5f8-6fae9048efbd 
2026/01/16 10:24:40 user_send_message.go:62: [http://127.0.0.1:34332/avatar/files/0cf4f06187096b580630a8e5cf74325b.png]
2026/01/16 10:25:09 create_group_chat.go:54: 1231
2026/01/16 10:25:09 create_group_chat.go:55: &{1231 1231 http://127.0.0.1:34332/avatar/user_avatar/c1391a75d79d9c11d84cecb2af4e541f.jpg 0xc0001526e0 在线 [] []}
2026/01/16 10:25:13 create_group_chat.go:54: 1231
2026/01/16 10:25:13 create_group_chat.go:55: &{1231 1231 http://127.0.0.1:34332/avatar/user_avatar/c1391a75d79d9c11d84cecb2af4e541f.jpg 0xc0001526e0 在线 [e4239d58-6c4a-45cb-8840-9dc0b7d85f89] []}
2026/01/16 10:25:22 user_send_message.go:28: 1231 e4239d58-6c4a-45cb-8840-9dc0b7d85f89 1
2026/01/16 10:25:22 user_send_message.go:62: []
2026/01/16 10:32:13 user_message_group.go:11: 123
2026/01/16 10:32:14 register_websocket.go:28: 123
2026/01/16 10:32:14 register_websocket.go:29: asdasdas123123
2026/01/16 10:32:21 create_group_chat.go:54: 123
2026/01/16 10:32:21 create_group_chat.go:55: &{123 123 http://127.0.0.1:34332/avatar/user_avatar/f6d6f4c109d8ccc07b5689bdba16fe59.jpg 0xc00054e000 在线 [] []}
2026/01/16 10:41:32 event_bus.go:135: Subscribed to event: websocket
2026/01/16 10:41:32 main.go:121: http server start  0.0.0.0:34332
2026/01/16 10:41:46 user_message_group.go:11: 123
2026/01/16 10:41:46 register_websocket.go:28: 123
2026/01/16 10:41:46 register_websocket.go:29: asdasdas123123
2026/01/16 10:41:59 user_send_message.go:28: 123 0b2ad3b2-a27b-43a9-b6c4-7218dc9b0422 1
2026/01/16 10:41:59 user_send_message.go:62: []
2026/01/16 10:42:39 user_message_group.go:11: 1234
2026/01/16 10:42:40 register_websocket.go:28: 1234
2026/01/16 10:42:40 register_websocket.go:29: asdasdas123123
2026/01/16 10:42:41 user_send_message.go:28: 1234 1b22fc3f-f629-4be6-8480-34654c00b2d6 1
2026/01/16 10:42:41 user_send_message.go:62: []
2026/01/16 10:42:46 user_send_message.go:28: 1234 e4b91590-6a66-454e-8cad-f89d98be3ae6 2
2026/01/16 10:42:46 user_send_message.go:62: []
2026/01/16 10:42:49 user_send_message.go:28: 1234 ca80393e-0dd1-493a-bdf0-60c56db6303d 3
2026/01/16 10:42:49 user_send_message.go:62: []
2026/01/16 10:45:19 user_message_group.go:11: 123
2026/01/16 10:45:20 register_websocket.go:28: 123
2026/01/16 10:45:20 register_websocket.go:29: asdasdas123123
2026/01/16 10:45:21 user_send_message.go:28: 123 e4b91590-6a66-454e-8cad-f89d98be3ae6 1
2026/01/16 10:45:21 user_send_message.go:62: []
2026/01/16 10:45:21 user_send_message.go:93: write tcp 127.0.0.1:34332->127.0.0.1:12059: wsasend: An existing connection was forcibly closed by the remote host.
2026/01/16 10:45:21 user_send_message.go:120: write tcp 127.0.0.1:34332->127.0.0.1:12059: wsasend: An existing connection was forcibly closed by the remote host.
2026/01/16 10:45:26 user_send_message.go:28: 123 311b4a80-332e-44c6-b291-e755ba580a5c 2
2026/01/16 10:45:26 user_send_message.go:62: []
2026/01/16 10:45:29 user_send_message.go:28: 123 b81ae3df-8bdf-4b72-85a3-9317fc5924fc 3
2026/01/16 10:45:29 user_send_message.go:62: []
2026/01/16 10:46:36 user_message_group.go:11: 123
2026/01/16 10:46:37 register_websocket.go:28: 123
2026/01/16 10:46:37 register_websocket.go:29: asdasdas123123
2026/01/16 10:46:39 user_send_message.go:28: 123 ca80393e-0dd1-493a-bdf0-60c56db6303d a
2026/01/16 10:46:39 user_send_message.go:62: []
2026/01/16 10:46:39 user_send_message.go:93: write tcp 127.0.0.1:34332->127.0.0.1:12059: wsasend: An existing connection was forcibly closed by the remote host.
2026/01/16 10:46:39 user_send_message.go:120: write tcp 127.0.0.1:34332->127.0.0.1:12059: wsasend: An existing connection was forcibly closed by the remote host.
2026/01/16 10:46:41 user_send_message.go:28: 123 9d0bf2e7-6c75-4e68-b1af-267de58afa8d b
2026/01/16 10:46:41 user_send_message.go:62: []
2026/01/16 10:46:52 user_message_group.go:11: 123
2026/01/16 10:46:52 register_websocket.go:28: 123
2026/01/16 10:46:52 register_websocket.go:29: asdasdas123123
2026/01/16 10:46:58 event_bus.go:135: Subscribed to event: websocket
2026/01/16 10:46:58 main.go:121: http server start  0.0.0.0:34332
2026/01/16 10:47:05 user_message_group.go:11: 123
2026/01/16 10:47:06 register_websocket.go:28: 123
2026/01/16 10:47:06 register_websocket.go:29: asdasdas123123
2026/01/16 10:47:07 user_send_message.go:28: 123 6f708613-03a6-4f00-88fe-d9fc9cf5daf1 1
2026/01/16 10:47:07 user_send_message.go:62: []
2026/01/16 10:48:23 user_message_group.go:11: 123
2026/01/16 10:48:23 register_websocket.go:28: 123
2026/01/16 10:48:23 register_websocket.go:29: asdasdas123123
2026/01/16 10:48:25 user_send_message.go:28: 123 852e54e4-b9de-45e3-9aca-93ed2aa8880f 1
2026/01/16 10:48:25 user_send_message.go:62: []
2026/01/16 10:48:28 user_send_message.go:28: 123 41c3ed49-92f4-4d55-b843-3aabcfcc0c14 2
2026/01/16 10:48:28 user_send_message.go:62: []
2026/01/16 10:48:30 user_send_message.go:28: 123 e550e839-d156-40d4-b409-1b3af22f04ab 3
2026/01/16 10:48:30 user_send_message.go:62: []
2026/01/16 10:50:48 user_message_group.go:11: 123
2026/01/16 10:50:48 register_websocket.go:28: 123
2026/01/16 10:50:48 register_websocket.go:29: asdasdas123123
2026/01/16 10:50:50 user_send_message.go:28: 123 ba46d1bf-e3c5-4cc1-b036-4ec1f67f4cad 1
2026/01/16 10:50:50 user_send_message.go:62: []
2026/01/16 10:51:02 create_group_chat.go:62: 123
2026/01/16 10:51:02 create_group_chat.go:63: &{123 123 http://127.0.0.1:34332/avatar/user_avatar/a60ae55ad63de242fb123612a01c5cef.jpg 0xc0004d2580 离线 [] []}
2026/01/16 10:52:46 user_message_group.go:11: 123
2026/01/16 10:52:46 register_websocket.go:28: 123
2026/01/16 10:52:46 register_websocket.go:29: asdasdas123123
2026/01/16 10:53:04 user_message_group.go:11: 123
2026/01/16 10:53:04 register_websocket.go:28: 123
2026/01/16 10:53:04 register_websocket.go:29: asdasdas123123
2026/01/16 10:53:36 user_message_group.go:11: 123
2026/01/16 10:53:36 register_websocket.go:28: 123
2026/01/16 10:53:36 register_websocket.go:29: asdasdas123123
2026/01/16 11:14:30 user_message_group.go:11: 123
2026/01/16 11:14:31 register_websocket.go:28: 123
2026/01/16 11:14:31 register_websocket.go:29: asdasdas123123
2026/01/16 11:15:39 user_message_group.go:11: 123
2026/01/16 11:15:39 register_websocket.go:28: 123
2026/01/16 11:15:39 register_websocket.go:29: asdasdas123123
2026/01/16 11:15:48 event_bus.go:135: Subscribed to event: websocket
2026/01/16 11:15:48 main.go:121: http server start  0.0.0.0:34332
2026/01/16 11:15:49 register_websocket.go:28: 123
2026/01/16 11:15:49 register_websocket.go:29: asdasdas123123
2026/01/16 11:15:59 user_message_group.go:11: 123
2026/01/16 11:16:00 register_websocket.go:28: 123
2026/01/16 11:16:00 register_websocket.go:29: asdasdas123123
2026/01/16 11:16:08 create_group_chat.go:62: 123
2026/01/16 11:16:08 create_group_chat.go:63: &{123 123 http://127.0.0.1:34332/avatar/user_avatar/03389d943e085d5f19fb2d503f0e94c5.jpg 0xc00016a420 在线 [] []}
2026/01/16 11:16:51 user_message_group.go:11: 123
2026/01/16 11:16:52 register_websocket.go:28: 123
2026/01/16 11:16:52 register_websocket.go:29: asdasdas123123
2026/01/16 11:18:15 user_message_group.go:11: 123
2026/01/16 11:18:15 register_websocket.go:28: 123
2026/01/16 11:18:15 register_websocket.go:29: asdasdas123123
2026/01/16 11:18:44 user_message_group.go:11: 123
2026/01/16 11:18:44 register_websocket.go:28: 123
2026/01/16 11:18:44 register_websocket.go:29: asdasdas123123
2026/01/16 11:19:25 create_group_chat.go:62: 123
2026/01/16 11:19:25 create_group_chat.go:63: &{123 123 http://127.0.0.1:34332/avatar/user_avatar/03389d943e085d5f19fb2d503f0e94c5.jpg 0xc0001d2b00 离线 [e6455118-1c58-4f5a-8677-8c078b0bd72b] []}
2026/01/16 11:21:21 user_message_group.go:11: 123
2026/01/16 11:21:21 register_websocket.go:28: 123
2026/01/16 11:21:21 register_websocket.go:29: asdasdas123123
2026/01/16 11:21:45 user_message_group.go:11: 123
2026/01/16 11:21:46 register_websocket.go:28: 123
2026/01/16 11:21:46 register_websocket.go:29: asdasdas123123
2026/01/16 11:24:36 user_message_group.go:11: 123
2026/01/16 11:24:37 register_websocket.go:28: 123
2026/01/16 11:24:37 register_websocket.go:29: asdasdas123123
2026/01/16 11:24:51 user_message_group.go:11: 
2026/01/16 11:25:38 user_message_group.go:11: 123
2026/01/16 11:25:38 register_websocket.go:28: 123
2026/01/16 11:25:38 register_websocket.go:29: asdasdas123123
2026/01/16 11:26:18 user_message_group.go:11: 123
2026/01/16 11:26:18 register_websocket.go:28: 123
2026/01/16 11:26:18 register_websocket.go:29: asdasdas123123
2026/01/16 11:37:52 user_message_group.go:11: 123
2026/01/16 11:37:52 register_websocket.go:28: 123
2026/01/16 11:37:52 register_websocket.go:29: asdasdas123123
2026/01/16 11:39:44 user_message_group.go:11: 123
2026/01/16 11:39:44 register_websocket.go:28: 123
2026/01/16 11:39:44 register_websocket.go:29: asdasdas123123
2026/01/16 11:40:09 user_message_group.go:11: 123
2026/01/16 11:40:10 register_websocket.go:28: 123
2026/01/16 11:40:10 register_websocket.go:29: asdasdas123123
2026/01/16 11:43:01 user_message_group.go:11: 123
2026/01/16 11:43:01 register_websocket.go:28: 123
2026/01/16 11:43:01 register_websocket.go:29: asdasdas123123
2026/01/16 11:44:34 user_message_group.go:11: 123
2026/01/16 11:44:34 register_websocket.go:28: 123
2026/01/16 11:44:34 register_websocket.go:29: asdasdas123123
2026/01/16 11:44:58 user_message_group.go:11: 123
2026/01/16 11:44:58 register_websocket.go:28: 123
2026/01/16 11:44:58 register_websocket.go:29: asdasdas123123
2026/01/16 11:45:43 user_message_group.go:11: 123
2026/01/16 11:45:43 register_websocket.go:28: 123
2026/01/16 11:45:43 register_websocket.go:29: asdasdas123123
2026/01/16 11:46:52 user_message_group.go:11: 123
2026/01/16 11:46:52 register_websocket.go:28: 123
2026/01/16 11:46:52 register_websocket.go:29: asdasdas123123
2026/01/16 11:53:53 user_message_group.go:11: 123
2026/01/16 11:53:54 register_websocket.go:28: 123
2026/01/16 11:53:54 register_websocket.go:29: asdasdas123123
2026/01/16 11:55:31 user_message_group.go:11: 123
2026/01/16 11:55:31 register_websocket.go:28: 123
2026/01/16 11:55:31 register_websocket.go:29: asdasdas123123
2026/01/16 11:56:34 user_message_group.go:11: 234
2026/01/16 11:56:34 register_websocket.go:28: 234
2026/01/16 11:56:34 register_websocket.go:29: asdasdas123123
2026/01/16 11:56:49 user_message_group.go:11: 123
2026/01/16 11:56:49 register_websocket.go:28: 123
2026/01/16 11:56:49 register_websocket.go:29: asdasdas123123
2026/01/16 12:00:23 user_message_group.go:11: 123
2026/01/16 12:00:23 register_websocket.go:28: 123
2026/01/16 12:00:23 register_websocket.go:29: asdasdas123123
2026/01/16 12:04:01 user_message_group.go:11: 123
2026/01/16 12:04:01 register_websocket.go:28: 123
2026/01/16 12:04:01 register_websocket.go:29: asdasdas123123
2026/01/16 12:05:31 user_message_group.go:11: 123
2026/01/16 12:05:31 register_websocket.go:28: 123
2026/01/16 12:05:31 register_websocket.go:29: asdasdas123123
2026/01/16 12:05:57 user_message_group.go:11: 123
2026/01/16 12:05:57 register_websocket.go:28: 123
2026/01/16 12:05:57 register_websocket.go:29: asdasdas123123
2026/01/16 12:09:07 user_message_group.go:11: 123
2026/01/16 12:09:07 register_websocket.go:28: 123
2026/01/16 12:09:07 register_websocket.go:29: asdasdas123123
2026/01/16 12:09:30 user_message_group.go:11: 123
2026/01/16 12:09:31 register_websocket.go:28: 123
2026/01/16 12:09:31 register_websocket.go:29: asdasdas123123
2026/01/16 13:45:00 user_message_group.go:11: 123
2026/01/16 13:45:00 register_websocket.go:28: 123
2026/01/16 13:45:00 register_websocket.go:29: asdasdas123123
2026/01/16 13:45:59 user_message_group.go:11: 123
2026/01/16 13:45:59 register_websocket.go:28: 123
2026/01/16 13:45:59 register_websocket.go:29: asdasdas123123
2026/01/16 13:49:22 user_message_group.go:11: 123
2026/01/16 13:49:22 register_websocket.go:28: 123
2026/01/16 13:49:22 register_websocket.go:29: asdasdas123123
2026/01/16 13:49:46 user_message_group.go:11: 123
2026/01/16 13:49:47 register_websocket.go:28: 123
2026/01/16 13:49:47 register_websocket.go:29: asdasdas123123
2026/01/16 13:53:04 user_message_group.go:11: 123
2026/01/16 13:53:04 register_websocket.go:28: 123
2026/01/16 13:53:04 register_websocket.go:29: asdasdas123123
2026/01/16 13:58:29 user_message_group.go:11: 123
2026/01/16 13:58:29 register_websocket.go:28: 123
2026/01/16 13:58:29 register_websocket.go:29: asdasdas123123
2026/01/16 14:00:39 user_send_message.go:28: 123 70eea3ad-35c0-4146-85e5-88f839ff6c10 1
2026/01/16 14:00:39 user_send_message.go:62: []
2026/01/16 14:01:18 user_message_group.go:11: 123
2026/01/16 14:01:18 register_websocket.go:28: 123
2026/01/16 14:01:18 register_websocket.go:29: asdasdas123123
2026/01/16 14:02:46 user_message_group.go:11: 123
2026/01/16 14:02:46 register_websocket.go:28: 123
2026/01/16 14:02:46 register_websocket.go:29: asdasdas123123
2026/01/16 14:03:21 user_message_group.go:11: 123
2026/01/16 14:03:21 register_websocket.go:28: 123
2026/01/16 14:03:21 register_websocket.go:29: asdasdas123123
2026/01/16 14:14:22 user_message_group.go:11: 123
2026/01/16 14:14:22 register_websocket.go:28: 123
2026/01/16 14:14:22 register_websocket.go:29: asdasdas123123
2026/01/16 14:16:38 user_message_group.go:11: 123
2026/01/16 14:16:38 register_websocket.go:28: 123
2026/01/16 14:16:38 register_websocket.go:29: asdasdas123123
2026/01/16 14:18:47 user_message_group.go:11: 1234
2026/01/16 14:18:47 register_websocket.go:28: 1234
2026/01/16 14:18:47 register_websocket.go:29: asdasdas123123
2026/01/16 14:18:53 user_message_group.go:11: 123
2026/01/16 14:18:53 register_websocket.go:28: 123
2026/01/16 14:18:53 register_websocket.go:29: asdasdas123123
2026/01/16 14:18:56 user_send_message.go:28: 123 1cf12ccc-1175-4275-b869-2083132c8faa 1
2026/01/16 14:18:56 user_send_message.go:62: []
2026/01/16 14:19:01 user_send_message.go:28: 1234 1cf12ccc-1175-4275-b869-2083132c8faa 2
2026/01/16 14:19:01 user_send_message.go:62: []
2026/01/16 14:19:05 user_send_message.go:28: 123 1cf12ccc-1175-4275-b869-2083132c8faa 1
2026/01/16 14:19:05 user_send_message.go:62: []
2026/01/16 14:19:12 user_send_message.go:28: 1234 1cf12ccc-1175-4275-b869-2083132c8faa 1
2026/01/16 14:19:12 user_send_message.go:62: []
2026/01/16 14:19:13 user_send_message.go:28: 1234 1cf12ccc-1175-4275-b869-2083132c8faa 1
2026/01/16 14:19:13 user_send_message.go:62: []
2026/01/16 14:19:14 user_send_message.go:28: 1234 1cf12ccc-1175-4275-b869-2083132c8faa 1
2026/01/16 14:19:14 user_send_message.go:62: []
2026/01/16 14:19:15 user_send_message.go:28: 1234 1cf12ccc-1175-4275-b869-2083132c8faa 2
2026/01/16 14:19:15 user_send_message.go:62: []
2026/01/16 14:19:41 user_message_group.go:11: 123
2026/01/16 14:19:42 register_websocket.go:28: 123
2026/01/16 14:19:42 register_websocket.go:29: asdasdas123123
2026/01/16 14:19:46 user_message_group.go:11: 1234
2026/01/16 14:19:47 register_websocket.go:28: 1234
2026/01/16 14:19:47 register_websocket.go:29: asdasdas123123
2026/01/16 14:19:50 user_send_message.go:28: 1234 c3112916-11e1-4088-ad77-a56ce4f6b719 1
2026/01/16 14:19:50 user_send_message.go:62: []
2026/01/16 14:20:12 user_send_message.go:28: 1234 ad0a2499-4d66-4649-8984-0ebe16ce4f94 1
2026/01/16 14:20:12 user_send_message.go:62: []
2026/01/16 14:20:45 user_send_message.go:28: 123 ad0a2499-4d66-4649-8984-0ebe16ce4f94 1
2026/01/16 14:20:45 user_send_message.go:62: []
2026/01/16 15:02:56 user_message_group.go:11: 123
2026/01/16 15:02:57 register_websocket.go:28: 123
2026/01/16 15:02:57 register_websocket.go:29: asdasdas123123
2026/01/16 15:03:00 user_message_group.go:11: 1234
2026/01/16 15:03:00 register_websocket.go:28: 1234
2026/01/16 15:03:00 register_websocket.go:29: asdasdas123123
2026/01/16 15:03:06 create_group_chat.go:21: Key: 'CreateGroupChatParams.GroupName' Error:Field validation for 'GroupName' failed on the 'required' tag
2026/01/16 15:04:30 user_message_group.go:11: 123
2026/01/16 15:04:30 register_websocket.go:28: 123
2026/01/16 15:04:30 register_websocket.go:29: asdasdas123123
2026/01/16 15:04:33 user_message_group.go:11: 1234
2026/01/16 15:04:34 register_websocket.go:28: 1234
2026/01/16 15:04:34 register_websocket.go:29: asdasdas123123
2026/01/16 15:04:44 user_send_message.go:28: 1234 1cf12ccc-1175-4275-b869-2083132c8faa 1
2026/01/16 15:04:44 user_send_message.go:62: []
2026/01/16 15:05:10 create_group_chat.go:27: http: no such file
2026/01/16 15:07:36 event_bus.go:135: Subscribed to event: websocket
2026/01/16 15:07:36 main.go:121: http server start  0.0.0.0:34332
2026/01/16 15:07:45 user_message_group.go:11: 1234
2026/01/16 15:07:46 register_websocket.go:28: 1234
2026/01/16 15:07:46 register_websocket.go:29: asdasdas123123
2026/01/16 15:07:48 user_send_message.go:28: 1234 255e5be3-7b00-4d8a-8555-489ba0615778 111
2026/01/16 15:07:48 user_send_message.go:62: []
2026/01/16 15:08:01 user_message_group.go:11: 123
2026/01/16 15:08:01 register_websocket.go:28: 123
2026/01/16 15:08:01 register_websocket.go:29: asdasdas123123
2026/01/16 15:08:08 user_send_message.go:28: 123 255e5be3-7b00-4d8a-8555-489ba0615778 1
2026/01/16 15:08:08 user_send_message.go:62: []
2026/01/16 15:08:11 create_group_chat.go:28: http: no such file
2026/01/16 15:09:26 main.go:121: http server start  0.0.0.0:34332
2026/01/16 15:09:26 event_bus.go:135: Subscribed to event: websocket
2026/01/16 15:09:27 register_websocket.go:28: 123
2026/01/16 15:09:27 register_websocket.go:29: asdasdas123123
2026/01/16 15:09:47 user_message_group.go:11: 1234
2026/01/16 15:09:48 register_websocket.go:28: 1234
2026/01/16 15:09:48 register_websocket.go:29: asdasdas123123
2026/01/16 15:09:53 user_message_group.go:11: 12345
2026/01/16 15:09:54 register_websocket.go:28: 12345
2026/01/16 15:09:54 register_websocket.go:29: asdasdas123123
2026/01/16 15:09:59 user_send_message.go:28: 12345 0b240a35-8c37-4c0c-9ccd-7c5199045328 1
2026/01/16 15:09:59 user_send_message.go:62: []
2026/01/16 15:10:02 user_send_message.go:28: 1234 0b240a35-8c37-4c0c-9ccd-7c5199045328 1
2026/01/16 15:10:02 user_send_message.go:62: []
2026/01/16 15:10:10 user_send_message.go:28: 12345 0b240a35-8c37-4c0c-9ccd-7c5199045328 2
2026/01/16 15:10:10 user_send_message.go:62: []
2026/01/16 15:10:14 user_send_message.go:28: 1234 0b240a35-8c37-4c0c-9ccd-7c5199045328 1
2026/01/16 15:10:14 user_send_message.go:62: []
2026/01/16 15:11:01 create_group_chat.go:70: [12345 1234]
2026/01/16 15:11:01 create_group_chat.go:71: &{12345 12345 http://127.0.0.1:34332/avatar/user_avatar/03389d943e085d5f19fb2d503f0e94c5.jpg 0xc00036a840 在线 [] []}
2026/01/16 15:11:01 create_group_chat.go:70: [12345 1234]
2026/01/16 15:11:01 create_group_chat.go:71: &{1234 1234 http://127.0.0.1:34332/avatar/user_avatar/1c039cf4117d84264432e9f9bb0e4702.jpg 0xc0001d2580 在线 [] []}
2026/01/16 15:11:05 user_send_message.go:28: 12345 47972306-7262-49bb-a449-6d8689c4b6fd 123
2026/01/16 15:11:05 user_send_message.go:62: []
2026/01/16 15:11:14 user_send_message.go:28: 12345 47972306-7262-49bb-a449-6d8689c4b6fd 123
2026/01/16 15:11:14 user_send_message.go:62: []
2026/01/16 15:11:15 user_send_message.go:28: 1234 47972306-7262-49bb-a449-6d8689c4b6fd 11
2026/01/16 15:11:15 user_send_message.go:62: []
2026/01/16 15:11:42 user_message_group.go:11: 123
2026/01/16 15:11:43 register_websocket.go:28: 123
2026/01/16 15:11:43 register_websocket.go:29: asdasdas123123
2026/01/16 15:11:46 user_message_group.go:11: 1234
2026/01/16 15:11:46 register_websocket.go:28: 1234
2026/01/16 15:11:46 register_websocket.go:29: asdasdas123123
2026/01/16 15:12:14 user_send_message.go:28: 1234 3b7a2a24-696f-4401-9440-7ba736e1ac9d 1
2026/01/16 15:12:14 user_send_message.go:62: []
2026/01/16 15:12:17 user_send_message.go:28: 123 3b7a2a24-696f-4401-9440-7ba736e1ac9d 1
2026/01/16 15:12:17 user_send_message.go:62: []
2026/01/16 15:12:19 user_send_message.go:28: 1234 3b7a2a24-696f-4401-9440-7ba736e1ac9d 2
2026/01/16 15:12:19 user_send_message.go:62: []
2026/01/16 15:12:23 user_send_message.go:28: 123 3b7a2a24-696f-4401-9440-7ba736e1ac9d 2
2026/01/16 15:12:23 user_send_message.go:62: []
2026/01/16 15:12:53 create_group_chat.go:70: [1234 123]
2026/01/16 15:12:53 create_group_chat.go:71: &{1234 1234 http://127.0.0.1:34332/avatar/user_avatar/1c039cf4117d84264432e9f9bb0e4702.jpg 0xc0001646e0 离线 [47972306-7262-49bb-a449-6d8689c4b6fd] []}
2026/01/16 15:12:53 create_group_chat.go:70: [1234 123]
2026/01/16 15:12:53 create_group_chat.go:71: &{123 123 http://127.0.0.1:34332/avatar/user_avatar/72d7e1cb5f477299afeb931a8951b925.jpg 0xc0004f9ce0 在线 [] []}
2026/01/16 15:12:58 user_send_message.go:28: 1234 7ffd792c-57bd-4428-b7d8-a485511f2083 我操
2026/01/16 15:12:58 user_send_message.go:62: []
2026/01/16 15:13:07 user_send_message.go:28: 123 7ffd792c-57bd-4428-b7d8-a485511f2083 11
2026/01/16 15:13:07 user_send_message.go:62: []
2026/01/16 15:13:09 user_send_message.go:28: 123 7ffd792c-57bd-4428-b7d8-a485511f2083 2
2026/01/16 15:13:09 user_send_message.go:62: []
2026/01/16 15:13:59 create_group_chat.go:70: [1234 123]
2026/01/16 15:13:59 create_group_chat.go:71: &{1234 1234 http://127.0.0.1:34332/avatar/user_avatar/1c039cf4117d84264432e9f9bb0e4702.jpg 0xc0001646e0 离线 [7ffd792c-57bd-4428-b7d8-a485511f2083 47972306-7262-49bb-a449-6d8689c4b6fd] []}
2026/01/16 15:13:59 create_group_chat.go:70: [1234 123]
2026/01/16 15:13:59 create_group_chat.go:71: &{123 123 http://127.0.0.1:34332/avatar/user_avatar/72d7e1cb5f477299afeb931a8951b925.jpg 0xc0004f9ce0 在线 [7ffd792c-57bd-4428-b7d8-a485511f2083] []}
2026/01/16 15:14:02 user_send_message.go:28: 1234 312009c7-54ea-4b65-8c00-c3281963ec68 123
2026/01/16 15:14:02 user_send_message.go:62: []
2026/01/16 15:14:09 user_send_message.go:28: 123 312009c7-54ea-4b65-8c00-c3281963ec68 111
2026/01/16 15:14:09 user_send_message.go:62: []
2026/01/16 15:15:12 event_bus.go:135: Subscribed to event: websocket
2026/01/16 15:15:12 main.go:121: http server start  0.0.0.0:34332
2026/01/16 15:15:24 user_message_group.go:11: 1234
2026/01/16 15:15:25 register_websocket.go:28: 1234
2026/01/16 15:15:25 register_websocket.go:29: asdasdas123123
2026/01/16 15:15:30 user_message_group.go:11: 123
2026/01/16 15:15:30 register_websocket.go:28: 123
2026/01/16 15:15:30 register_websocket.go:29: asdasdas123123
2026/01/16 15:15:39 user_send_message.go:28: 1234 313b0120-b995-4fcd-ad7c-c20a3470f607 213
2026/01/16 15:15:39 user_send_message.go:62: []
2026/01/16 15:15:39 user_send_message.go:89: 1234
2026/01/16 15:15:57 user_send_message.go:28: 1234 313b0120-b995-4fcd-ad7c-c20a3470f607 1
2026/01/16 15:15:57 user_send_message.go:62: []
2026/01/16 15:16:13 user_send_message.go:28: 123 313b0120-b995-4fcd-ad7c-c20a3470f607 1
2026/01/16 15:16:13 user_send_message.go:62: []
2026/01/16 15:16:13 user_send_message.go:89: 1234
2026/01/16 15:16:13 user_send_message.go:89: 123
2026/01/16 15:17:06 user_send_message.go:28: 1234 313b0120-b995-4fcd-ad7c-c20a3470f607 00
2026/01/16 15:17:06 user_send_message.go:62: []
2026/01/16 15:17:17 create_group_chat.go:70: [1234 123]
2026/01/16 15:17:17 create_group_chat.go:71: &{1234 1234 http://127.0.0.1:34332/avatar/user_avatar/62dd551b9ad1ad74c70b5c0a74b94780.jpg 0xc000396160 在线 [] []}
2026/01/16 15:17:17 create_group_chat.go:70: [1234 123]
2026/01/16 15:17:17 create_group_chat.go:71: &{123 123 http://127.0.0.1:34332/avatar/user_avatar/1ae05acaf96a70b01b899ca69a935dc6.jpg 0xc000397080 在线 [] []}
2026/01/16 15:17:19 user_send_message.go:28: 1234 313b0120-b995-4fcd-ad7c-c20a3470f607 00
2026/01/16 15:17:19 user_send_message.go:62: []
2026/01/16 15:17:24 user_send_message.go:28: 1234 4b1c619b-315a-4936-8540-507014c2bb62 00
2026/01/16 15:17:24 user_send_message.go:62: []
2026/01/16 15:17:29 user_send_message.go:28: 123 4b1c619b-315a-4936-8540-507014c2bb62 0
2026/01/16 15:17:29 user_send_message.go:62: []
2026/01/16 15:17:31 user_send_message.go:28: 1234 4b1c619b-315a-4936-8540-507014c2bb62 0
2026/01/16 15:17:31 user_send_message.go:62: []
2026/01/16 15:17:34 user_send_message.go:28: 123 4b1c619b-315a-4936-8540-507014c2bb62 0
2026/01/16 15:17:34 user_send_message.go:62: []
2026/01/16 15:17:48 user_send_message.go:28: 123 4b1c619b-315a-4936-8540-507014c2bb62 00
2026/01/16 15:17:48 user_send_message.go:62: []
2026/01/16 15:17:52 user_send_message.go:28: 1234 4b1c619b-315a-4936-8540-507014c2bb62 00
2026/01/16 15:17:52 user_send_message.go:62: []
2026/01/16 15:18:57 event_bus.go:135: Subscribed to event: websocket
2026/01/16 15:18:57 main.go:121: http server start  0.0.0.0:34332
2026/01/16 15:18:57 register_websocket.go:28: 1234
2026/01/16 15:18:57 register_websocket.go:29: asdasdas123123
2026/01/16 15:18:57 register_websocket.go:28: 123
2026/01/16 15:18:57 register_websocket.go:29: asdasdas123123
2026/01/16 15:19:16 user_message_group.go:11: usera
2026/01/16 15:19:16 register_websocket.go:28: usera
2026/01/16 15:19:16 register_websocket.go:29: asdasdas123123
2026/01/16 15:19:23 user_message_group.go:11: userbb
2026/01/16 15:19:23 register_websocket.go:28: userbb
2026/01/16 15:19:23 register_websocket.go:29: asdasdas123123
2026/01/16 15:20:01 event_bus.go:135: Subscribed to event: websocket
2026/01/16 15:20:01 main.go:121: http server start  0.0.0.0:34332
2026/01/16 15:20:01 register_websocket.go:28: usera
2026/01/16 15:20:01 register_websocket.go:29: asdasdas123123
2026/01/16 15:20:03 register_websocket.go:28: userbb
2026/01/16 15:20:03 register_websocket.go:29: asdasdas123123
2026/01/16 15:20:15 user_message_group.go:11: 1234
2026/01/16 15:20:15 register_websocket.go:28: 1234
2026/01/16 15:20:15 register_websocket.go:29: asdasdas123123
2026/01/16 15:20:19 user_message_group.go:11: 123
2026/01/16 15:20:19 register_websocket.go:28: 123
2026/01/16 15:20:19 register_websocket.go:29: asdasdas123123
2026/01/16 15:20:22 user_send_message.go:28: 123 f2c8b2aa-18e9-4aa8-932f-97469bd649d2 1
2026/01/16 15:20:22 user_send_message.go:62: []
2026/01/16 15:20:22 user_send_message.go:89: 123
2026/01/16 15:20:22 user_send_message.go:108: 123
2026/01/16 15:20:24 user_send_message.go:28: 1234 9d91d3cd-85c5-4722-a589-6bc7d52090e7 1
2026/01/16 15:20:24 user_send_message.go:62: []
2026/01/16 15:20:24 user_send_message.go:89: 1234
2026/01/16 15:20:24 user_send_message.go:108: 1234
2026/01/16 15:20:31 user_send_message.go:28: 123 f2c8b2aa-18e9-4aa8-932f-97469bd649d2 2
2026/01/16 15:20:31 user_send_message.go:62: []
2026/01/16 15:20:31 user_send_message.go:108: 123
2026/01/16 15:20:34 user_send_message.go:28: 1234 9d91d3cd-85c5-4722-a589-6bc7d52090e7 2
2026/01/16 15:20:34 user_send_message.go:62: []
2026/01/16 15:20:34 user_send_message.go:108: 1234
2026/01/16 15:21:13 event_bus.go:135: Subscribed to event: websocket
2026/01/16 15:21:13 main.go:121: http server start  0.0.0.0:34332
2026/01/16 15:21:14 register_websocket.go:28: 123
2026/01/16 15:21:14 register_websocket.go:29: asdasdas123123
2026/01/16 15:21:15 register_websocket.go:28: 1234
2026/01/16 15:21:15 register_websocket.go:29: asdasdas123123
2026/01/16 15:21:19 register_websocket.go:28: 123
2026/01/16 15:21:19 register_websocket.go:29: asdasdas123123
2026/01/16 15:21:24 register_websocket.go:28: 123
2026/01/16 15:21:24 register_websocket.go:29: asdasdas123123
2026/01/16 15:21:32 user_message_group.go:11: 1234
2026/01/16 15:21:32 register_websocket.go:28: 1234
2026/01/16 15:21:32 register_websocket.go:29: asdasdas123123
2026/01/16 15:21:35 user_message_group.go:11: 1234
2026/01/16 15:21:36 register_websocket.go:28: 1234
2026/01/16 15:21:36 register_websocket.go:29: asdasdas123123
2026/01/16 15:21:37 register_websocket.go:28: 1234
2026/01/16 15:21:37 register_websocket.go:29: asdasdas123123
2026/01/16 15:21:46 register_websocket.go:28: 1234
2026/01/16 15:21:46 register_websocket.go:29: asdasdas123123
2026/01/16 15:21:47 user_send_message.go:28: 1234 698c485f-d04b-4abf-8ea7-37697b4d69f7 1
2026/01/16 15:21:47 user_send_message.go:62: []
2026/01/16 15:21:47 user_send_message.go:89: 1234
2026/01/16 15:21:47 user_send_message.go:108: 1234
2026/01/16 15:21:49 user_send_message.go:28: 1234 698c485f-d04b-4abf-8ea7-37697b4d69f7 1
2026/01/16 15:21:49 user_send_message.go:62: []
2026/01/16 15:21:49 user_send_message.go:108: 1234
2026/01/16 15:21:56 user_send_message.go:28: 1234 698c485f-d04b-4abf-8ea7-37697b4d69f7 1
2026/01/16 15:21:56 user_send_message.go:62: []
2026/01/16 15:21:56 user_send_message.go:108: 1234
2026/01/16 15:21:59 user_send_message.go:28: 1234 698c485f-d04b-4abf-8ea7-37697b4d69f7 1
2026/01/16 15:21:59 user_send_message.go:62: []
2026/01/16 15:21:59 user_send_message.go:108: 1234
2026/01/16 15:22:40 user_message_group.go:11: 1234
2026/01/16 15:22:40 register_websocket.go:28: 1234
2026/01/16 15:22:40 register_websocket.go:29: asdasdas123123
2026/01/16 15:22:45 user_message_group.go:11: qazqaz
2026/01/16 15:22:45 register_websocket.go:28: qazqaz
2026/01/16 15:22:45 register_websocket.go:29: asdasdas123123
2026/01/16 15:22:59 user_send_message.go:28: 1234 d15affd0-911d-44a1-94d5-4d6dd7ec89d9 1
2026/01/16 15:22:59 user_send_message.go:62: []
2026/01/16 15:22:59 user_send_message.go:89: 1234
2026/01/16 15:22:59 user_send_message.go:108: 1234
2026/01/16 15:23:01 user_send_message.go:28: qazqaz d15affd0-911d-44a1-94d5-4d6dd7ec89d9 1
2026/01/16 15:23:01 user_send_message.go:62: []
2026/01/16 15:23:01 user_send_message.go:89: 1234
2026/01/16 15:23:01 user_send_message.go:89: qazqaz
2026/01/16 15:23:01 user_send_message.go:108: 1234
2026/01/16 15:23:01 user_send_message.go:108: qazqaz
2026/01/16 15:23:38 user_send_message.go:28: qazqaz d15affd0-911d-44a1-94d5-4d6dd7ec89d9 1
2026/01/16 15:23:38 user_send_message.go:62: []
2026/01/16 15:23:38 user_send_message.go:108: 1234
2026/01/16 15:23:38 user_send_message.go:108: qazqaz
2026/01/16 15:23:56 user_send_message.go:28: 1234 d15affd0-911d-44a1-94d5-4d6dd7ec89d9 11
2026/01/16 15:23:56 user_send_message.go:62: []
2026/01/16 15:23:56 user_send_message.go:108: 1234
2026/01/16 15:23:56 user_send_message.go:108: qazqaz
2026/01/16 15:25:18 user_send_message.go:28: 1234 d15affd0-911d-44a1-94d5-4d6dd7ec89d9 1
2026/01/16 15:25:18 user_send_message.go:62: []
2026/01/16 15:25:18 user_send_message.go:108: 1234
2026/01/16 15:25:18 user_send_message.go:108: qazqaz
2026/01/16 15:26:50 user_send_message.go:28: 1234 d15affd0-911d-44a1-94d5-4d6dd7ec89d9 1
2026/01/16 15:26:50 user_send_message.go:62: []
2026/01/16 15:26:50 user_send_message.go:108: 1234
2026/01/16 15:26:50 user_send_message.go:108: qazqaz
2026/01/16 15:28:28 event_bus.go:135: Subscribed to event: websocket
2026/01/16 15:28:28 main.go:121: http server start  0.0.0.0:34332
2026/01/16 15:28:42 user_message_group.go:11: 12345
2026/01/16 15:28:43 register_websocket.go:28: 12345
2026/01/16 15:28:43 register_websocket.go:29: asdasdas123123
2026/01/16 15:28:47 user_message_group.go:11: aaaaaa
2026/01/16 15:28:48 register_websocket.go:28: aaaaaa
2026/01/16 15:28:48 register_websocket.go:29: asdasdas123123
2026/01/16 15:29:17 user_send_message.go:28: 12345 85b08017-58aa-4b07-a040-8b66a6c7c907 1
2026/01/16 15:29:17 user_send_message.go:62: []
2026/01/16 15:29:17 user_send_message.go:89: 12345
2026/01/16 15:29:17 user_send_message.go:108: 12345
2026/01/16 15:29:33 user_send_message.go:28: aaaaaa 85b08017-58aa-4b07-a040-8b66a6c7c907 1
2026/01/16 15:29:33 user_send_message.go:62: []
2026/01/16 15:29:33 user_send_message.go:89: 12345
2026/01/16 15:29:33 user_send_message.go:89: aaaaaa
2026/01/16 15:29:33 user_send_message.go:108: 12345
2026/01/16 15:29:33 user_send_message.go:108: aaaaaa
2026/01/16 15:31:49 user_send_message.go:28: aaaaaa 85b08017-58aa-4b07-a040-8b66a6c7c907 123
2026/01/16 15:31:49 user_send_message.go:62: []
2026/01/16 15:31:49 user_send_message.go:108: 12345
2026/01/16 15:31:49 user_send_message.go:108: aaaaaa
2026/01/16 15:31:54 user_send_message.go:28: 12345 85b08017-58aa-4b07-a040-8b66a6c7c907 我操
2026/01/16 15:31:54 user_send_message.go:62: []
2026/01/16 15:31:54 user_send_message.go:108: 12345
2026/01/16 15:31:54 user_send_message.go:108: aaaaaa
2026/01/16 15:40:11 create_group_chat.go:70: [12345 aaaaaa]
2026/01/16 15:40:11 create_group_chat.go:71: &{12345 12345 http://127.0.0.1:34332/avatar/user_avatar/4be607663d4053cd64c1b7583cb35638.jpg 0xc000336160 在线 [] []}
2026/01/16 15:40:11 create_group_chat.go:70: [12345 aaaaaa]
2026/01/16 15:40:11 create_group_chat.go:71: &{aaaaaa aaaaaa http://127.0.0.1:34332/avatar/user_avatar/1ae05acaf96a70b01b899ca69a935dc6.jpg 0xc000152840 在线 [] []}
2026/01/16 15:40:20 user_send_message.go:28: aaaaaa 5f60a02b-1ff0-4f3e-9ade-6bc6b0da9a72 1
2026/01/16 15:40:20 user_send_message.go:62: []
2026/01/16 15:40:20 user_send_message.go:108: 12345
2026/01/16 15:40:20 user_send_message.go:108: aaaaaa
2026/01/16 15:40:22 user_send_message.go:28: 12345 5f60a02b-1ff0-4f3e-9ade-6bc6b0da9a72 2
2026/01/16 15:40:22 user_send_message.go:62: []
2026/01/16 15:40:22 user_send_message.go:108: 12345
2026/01/16 15:40:22 user_send_message.go:108: aaaaaa
2026/01/16 15:42:50 create_group_chat.go:70: [12345 aaaaaa]
2026/01/16 15:42:50 create_group_chat.go:71: &{12345 12345 http://127.0.0.1:34332/avatar/user_avatar/4be607663d4053cd64c1b7583cb35638.jpg 0xc000336160 在线 [5f60a02b-1ff0-4f3e-9ade-6bc6b0da9a72] []}
2026/01/16 15:42:50 create_group_chat.go:70: [12345 aaaaaa]
2026/01/16 15:42:50 create_group_chat.go:71: &{aaaaaa aaaaaa http://127.0.0.1:34332/avatar/user_avatar/1ae05acaf96a70b01b899ca69a935dc6.jpg 0xc000152840 在线 [5f60a02b-1ff0-4f3e-9ade-6bc6b0da9a72] []}
2026/01/16 15:47:24 user_message_group.go:11: 1234
2026/01/16 15:47:24 register_websocket.go:28: 1234
2026/01/16 15:47:24 register_websocket.go:29: asdasdas123123
2026/01/16 15:47:28 user_send_message.go:28: 1234 85b08017-58aa-4b07-a040-8b66a6c7c907 1
2026/01/16 15:47:28 user_send_message.go:62: []
2026/01/16 15:47:28 user_send_message.go:89: 12345
2026/01/16 15:47:28 user_send_message.go:97: write tcp 127.0.0.1:34332->127.0.0.1:4935: wsasend: An established connection was aborted by the software in your host machine.
2026/01/16 15:47:28 user_send_message.go:89: aaaaaa
2026/01/16 15:47:28 user_send_message.go:97: write tcp 127.0.0.1:34332->127.0.0.1:4948: wsasend: An existing connection was forcibly closed by the remote host.
2026/01/16 15:47:28 user_send_message.go:89: 1234
2026/01/16 15:47:28 user_send_message.go:108: 12345
2026/01/16 15:47:28 user_send_message.go:125: write tcp 127.0.0.1:34332->127.0.0.1:4935: wsasend: An established connection was aborted by the software in your host machine.
2026/01/16 15:47:28 user_send_message.go:108: aaaaaa
2026/01/16 15:47:28 user_send_message.go:125: write tcp 127.0.0.1:34332->127.0.0.1:4948: wsasend: An existing connection was forcibly closed by the remote host.
2026/01/16 15:47:28 user_send_message.go:108: 1234
2026/01/16 15:47:29 user_send_message.go:28: 1234 85b08017-58aa-4b07-a040-8b66a6c7c907 2
2026/01/16 15:47:29 user_send_message.go:62: []
2026/01/16 15:47:29 user_send_message.go:108: 12345
2026/01/16 15:47:29 user_send_message.go:125: write tcp 127.0.0.1:34332->127.0.0.1:4935: wsasend: An established connection was aborted by the software in your host machine.
2026/01/16 15:47:29 user_send_message.go:108: aaaaaa
2026/01/16 15:47:29 user_send_message.go:125: write tcp 127.0.0.1:34332->127.0.0.1:4948: wsasend: An existing connection was forcibly closed by the remote host.
2026/01/16 15:47:29 user_send_message.go:108: 1234
2026/01/16 15:47:29 user_send_message.go:28: 1234 85b08017-58aa-4b07-a040-8b66a6c7c907 3
2026/01/16 15:47:29 user_send_message.go:62: []
2026/01/16 15:47:29 user_send_message.go:108: 12345
2026/01/16 15:47:29 user_send_message.go:125: write tcp 127.0.0.1:34332->127.0.0.1:4935: wsasend: An established connection was aborted by the software in your host machine.
2026/01/16 15:47:29 user_send_message.go:108: aaaaaa
2026/01/16 15:47:29 user_send_message.go:125: write tcp 127.0.0.1:34332->127.0.0.1:4948: wsasend: An existing connection was forcibly closed by the remote host.
2026/01/16 15:47:29 user_send_message.go:108: 1234
2026/01/16 15:47:30 user_send_message.go:28: 1234 85b08017-58aa-4b07-a040-8b66a6c7c907 4
2026/01/16 15:47:30 user_send_message.go:62: []
2026/01/16 15:47:30 user_send_message.go:108: 12345
2026/01/16 15:47:30 user_send_message.go:125: write tcp 127.0.0.1:34332->127.0.0.1:4935: wsasend: An established connection was aborted by the software in your host machine.
2026/01/16 15:47:30 user_send_message.go:108: aaaaaa
2026/01/16 15:47:30 user_send_message.go:125: write tcp 127.0.0.1:34332->127.0.0.1:4948: wsasend: An existing connection was forcibly closed by the remote host.
2026/01/16 15:47:30 user_send_message.go:108: 1234
2026/01/16 15:47:30 user_send_message.go:28: 1234 85b08017-58aa-4b07-a040-8b66a6c7c907 5
2026/01/16 15:47:30 user_send_message.go:62: []
2026/01/16 15:47:30 user_send_message.go:108: 12345
2026/01/16 15:47:30 user_send_message.go:125: write tcp 127.0.0.1:34332->127.0.0.1:4935: wsasend: An established connection was aborted by the software in your host machine.
2026/01/16 15:47:30 user_send_message.go:108: aaaaaa
2026/01/16 15:47:30 user_send_message.go:125: write tcp 127.0.0.1:34332->127.0.0.1:4948: wsasend: An existing connection was forcibly closed by the remote host.
2026/01/16 15:47:30 user_send_message.go:108: 1234
2026/01/16 15:48:15 user_message_group.go:11: 1234
2026/01/16 15:48:15 register_websocket.go:28: 1234
2026/01/16 15:48:15 register_websocket.go:29: asdasdas123123
2026/01/16 15:48:27 user_send_message.go:28: 1234 85b08017-58aa-4b07-a040-8b66a6c7c907 1
2026/01/16 15:48:27 user_send_message.go:62: []
2026/01/16 15:48:27 user_send_message.go:108: 12345
2026/01/16 15:48:27 user_send_message.go:125: write tcp 127.0.0.1:34332->127.0.0.1:4935: wsasend: An established connection was aborted by the software in your host machine.
2026/01/16 15:48:27 user_send_message.go:108: aaaaaa
2026/01/16 15:48:27 user_send_message.go:125: write tcp 127.0.0.1:34332->127.0.0.1:4948: wsasend: An existing connection was forcibly closed by the remote host.
2026/01/16 15:48:27 user_send_message.go:108: 1234
2026/01/16 15:51:15 user_message_group.go:11: 1234
2026/01/16 15:51:15 register_websocket.go:28: 1234
2026/01/16 15:51:15 register_websocket.go:29: asdasdas123123
2026/01/16 15:51:20 user_send_message.go:28: 1234 85b08017-58aa-4b07-a040-8b66a6c7c907 1
2026/01/16 15:51:20 user_send_message.go:62: []
2026/01/16 15:51:20 user_send_message.go:108: 12345
2026/01/16 15:51:20 user_send_message.go:125: write tcp 127.0.0.1:34332->127.0.0.1:4935: wsasend: An established connection was aborted by the software in your host machine.
2026/01/16 15:51:20 user_send_message.go:108: aaaaaa
2026/01/16 15:51:20 user_send_message.go:125: write tcp 127.0.0.1:34332->127.0.0.1:4948: wsasend: An existing connection was forcibly closed by the remote host.
2026/01/16 15:51:20 user_send_message.go:108: 1234
2026/01/16 15:51:21 user_send_message.go:28: 1234 85b08017-58aa-4b07-a040-8b66a6c7c907 2
2026/01/16 15:51:21 user_send_message.go:62: []
2026/01/16 15:51:21 user_send_message.go:108: 12345
2026/01/16 15:51:21 user_send_message.go:125: write tcp 127.0.0.1:34332->127.0.0.1:4935: wsasend: An established connection was aborted by the software in your host machine.
2026/01/16 15:51:21 user_send_message.go:108: aaaaaa
2026/01/16 15:51:21 user_send_message.go:125: write tcp 127.0.0.1:34332->127.0.0.1:4948: wsasend: An existing connection was forcibly closed by the remote host.
2026/01/16 15:51:21 user_send_message.go:108: 1234
2026/01/16 15:51:22 user_send_message.go:28: 1234 85b08017-58aa-4b07-a040-8b66a6c7c907 3
2026/01/16 15:51:22 user_send_message.go:62: []
2026/01/16 15:51:22 user_send_message.go:108: 12345
2026/01/16 15:51:22 user_send_message.go:125: write tcp 127.0.0.1:34332->127.0.0.1:4935: wsasend: An established connection was aborted by the software in your host machine.
2026/01/16 15:51:22 user_send_message.go:108: aaaaaa
2026/01/16 15:51:22 user_send_message.go:125: write tcp 127.0.0.1:34332->127.0.0.1:4948: wsasend: An existing connection was forcibly closed by the remote host.
2026/01/16 15:51:22 user_send_message.go:108: 1234
2026/01/16 15:51:23 user_send_message.go:28: 1234 85b08017-58aa-4b07-a040-8b66a6c7c907 4
2026/01/16 15:51:23 user_send_message.go:62: []
2026/01/16 15:51:23 user_send_message.go:108: 12345
2026/01/16 15:51:23 user_send_message.go:125: write tcp 127.0.0.1:34332->127.0.0.1:4935: wsasend: An established connection was aborted by the software in your host machine.
2026/01/16 15:51:23 user_send_message.go:108: aaaaaa
2026/01/16 15:51:23 user_send_message.go:125: write tcp 127.0.0.1:34332->127.0.0.1:4948: wsasend: An existing connection was forcibly closed by the remote host.
2026/01/16 15:51:23 user_send_message.go:108: 1234
2026/01/16 15:51:23 user_send_message.go:28: 1234 85b08017-58aa-4b07-a040-8b66a6c7c907 5
2026/01/16 15:51:23 user_send_message.go:62: []
2026/01/16 15:51:23 user_send_message.go:108: 12345
2026/01/16 15:51:23 user_send_message.go:125: write tcp 127.0.0.1:34332->127.0.0.1:4935: wsasend: An established connection was aborted by the software in your host machine.
2026/01/16 15:51:23 user_send_message.go:108: aaaaaa
2026/01/16 15:51:23 user_send_message.go:125: write tcp 127.0.0.1:34332->127.0.0.1:4948: wsasend: An existing connection was forcibly closed by the remote host.
2026/01/16 15:51:23 user_send_message.go:108: 1234
2026/01/16 15:54:01 user_message_group.go:11: 1234
2026/01/16 15:54:01 register_websocket.go:28: 1234
2026/01/16 15:54:01 register_websocket.go:29: asdasdas123123
2026/01/16 15:54:05 user_send_message.go:28: 1234 85b08017-58aa-4b07-a040-8b66a6c7c907 1
2026/01/16 15:54:05 user_send_message.go:62: []
2026/01/16 15:54:05 user_send_message.go:108: 12345
2026/01/16 15:54:05 user_send_message.go:125: write tcp 127.0.0.1:34332->127.0.0.1:4935: wsasend: An established connection was aborted by the software in your host machine.
2026/01/16 15:54:05 user_send_message.go:108: aaaaaa
2026/01/16 15:54:05 user_send_message.go:125: write tcp 127.0.0.1:34332->127.0.0.1:4948: wsasend: An existing connection was forcibly closed by the remote host.
2026/01/16 15:54:05 user_send_message.go:108: 1234
2026/01/16 15:54:05 user_send_message.go:28: 1234 85b08017-58aa-4b07-a040-8b66a6c7c907 2
2026/01/16 15:54:05 user_send_message.go:62: []
2026/01/16 15:54:05 user_send_message.go:108: 12345
2026/01/16 15:54:05 user_send_message.go:125: write tcp 127.0.0.1:34332->127.0.0.1:4935: wsasend: An established connection was aborted by the software in your host machine.
2026/01/16 15:54:05 user_send_message.go:108: aaaaaa
2026/01/16 15:54:05 user_send_message.go:125: write tcp 127.0.0.1:34332->127.0.0.1:4948: wsasend: An existing connection was forcibly closed by the remote host.
2026/01/16 15:54:05 user_send_message.go:108: 1234
2026/01/16 15:54:06 user_send_message.go:28: 1234 85b08017-58aa-4b07-a040-8b66a6c7c907 3
2026/01/16 15:54:06 user_send_message.go:62: []
2026/01/16 15:54:06 user_send_message.go:108: 12345
2026/01/16 15:54:06 user_send_message.go:125: write tcp 127.0.0.1:34332->127.0.0.1:4935: wsasend: An established connection was aborted by the software in your host machine.
2026/01/16 15:54:06 user_send_message.go:108: aaaaaa
2026/01/16 15:54:06 user_send_message.go:125: write tcp 127.0.0.1:34332->127.0.0.1:4948: wsasend: An existing connection was forcibly closed by the remote host.
2026/01/16 15:54:06 user_send_message.go:108: 1234
2026/01/16 15:54:06 user_send_message.go:28: 1234 85b08017-58aa-4b07-a040-8b66a6c7c907 4
2026/01/16 15:54:06 user_send_message.go:62: []
2026/01/16 15:54:06 user_send_message.go:108: 12345
2026/01/16 15:54:06 user_send_message.go:125: write tcp 127.0.0.1:34332->127.0.0.1:4935: wsasend: An established connection was aborted by the software in your host machine.
2026/01/16 15:54:06 user_send_message.go:108: aaaaaa
2026/01/16 15:54:06 user_send_message.go:125: write tcp 127.0.0.1:34332->127.0.0.1:4948: wsasend: An existing connection was forcibly closed by the remote host.
2026/01/16 15:54:06 user_send_message.go:108: 1234
2026/01/16 15:54:07 user_send_message.go:28: 1234 85b08017-58aa-4b07-a040-8b66a6c7c907 5
2026/01/16 15:54:07 user_send_message.go:62: []
2026/01/16 15:54:07 user_send_message.go:108: 12345
2026/01/16 15:54:07 user_send_message.go:125: write tcp 127.0.0.1:34332->127.0.0.1:4935: wsasend: An established connection was aborted by the software in your host machine.
2026/01/16 15:54:07 user_send_message.go:108: aaaaaa
2026/01/16 15:54:07 user_send_message.go:125: write tcp 127.0.0.1:34332->127.0.0.1:4948: wsasend: An existing connection was forcibly closed by the remote host.
2026/01/16 15:54:07 user_send_message.go:108: 1234
2026/01/16 15:57:17 user_message_group.go:11: 1234
2026/01/16 15:57:17 register_websocket.go:28: 1234
2026/01/16 15:57:17 register_websocket.go:29: asdasdas123123
2026/01/16 15:57:21 user_send_message.go:28: 1234 85b08017-58aa-4b07-a040-8b66a6c7c907 1
2026/01/16 15:57:21 user_send_message.go:62: []
2026/01/16 15:57:21 user_send_message.go:108: 12345
2026/01/16 15:57:21 user_send_message.go:125: write tcp 127.0.0.1:34332->127.0.0.1:4935: wsasend: An established connection was aborted by the software in your host machine.
2026/01/16 15:57:21 user_send_message.go:108: aaaaaa
2026/01/16 15:57:21 user_send_message.go:125: write tcp 127.0.0.1:34332->127.0.0.1:4948: wsasend: An existing connection was forcibly closed by the remote host.
2026/01/16 15:57:21 user_send_message.go:108: 1234
2026/01/16 15:57:22 user_send_message.go:28: 1234 85b08017-58aa-4b07-a040-8b66a6c7c907 2
2026/01/16 15:57:22 user_send_message.go:62: []
2026/01/16 15:57:22 user_send_message.go:108: 12345
2026/01/16 15:57:22 user_send_message.go:125: write tcp 127.0.0.1:34332->127.0.0.1:4935: wsasend: An established connection was aborted by the software in your host machine.
2026/01/16 15:57:22 user_send_message.go:108: aaaaaa
2026/01/16 15:57:22 user_send_message.go:125: write tcp 127.0.0.1:34332->127.0.0.1:4948: wsasend: An existing connection was forcibly closed by the remote host.
2026/01/16 15:57:22 user_send_message.go:108: 1234
2026/01/16 16:00:19 user_message_group.go:11: 1234
2026/01/16 16:00:19 register_websocket.go:28: 1234
2026/01/16 16:00:19 register_websocket.go:29: asdasdas123123
2026/01/16 16:00:37 user_send_message.go:28: 1234 85b08017-58aa-4b07-a040-8b66a6c7c907 1
2026/01/16 16:00:37 user_send_message.go:62: []
2026/01/16 16:00:37 user_send_message.go:108: 12345
2026/01/16 16:00:37 user_send_message.go:125: write tcp 127.0.0.1:34332->127.0.0.1:4935: wsasend: An established connection was aborted by the software in your host machine.
2026/01/16 16:00:37 user_send_message.go:108: aaaaaa
2026/01/16 16:00:37 user_send_message.go:125: write tcp 127.0.0.1:34332->127.0.0.1:4948: wsasend: An existing connection was forcibly closed by the remote host.
2026/01/16 16:00:37 user_send_message.go:108: 1234
2026/01/16 16:00:38 user_send_message.go:28: 1234 85b08017-58aa-4b07-a040-8b66a6c7c907 2
2026/01/16 16:00:38 user_send_message.go:62: []
2026/01/16 16:00:38 user_send_message.go:108: 12345
2026/01/16 16:00:38 user_send_message.go:125: write tcp 127.0.0.1:34332->127.0.0.1:4935: wsasend: An established connection was aborted by the software in your host machine.
2026/01/16 16:00:38 user_send_message.go:108: aaaaaa
2026/01/16 16:00:38 user_send_message.go:125: write tcp 127.0.0.1:34332->127.0.0.1:4948: wsasend: An existing connection was forcibly closed by the remote host.
2026/01/16 16:00:38 user_send_message.go:108: 1234
2026/01/16 16:00:39 user_send_message.go:28: 1234 85b08017-58aa-4b07-a040-8b66a6c7c907 3
2026/01/16 16:00:39 user_send_message.go:62: []
2026/01/16 16:00:39 user_send_message.go:108: 12345
2026/01/16 16:00:39 user_send_message.go:125: write tcp 127.0.0.1:34332->127.0.0.1:4935: wsasend: An established connection was aborted by the software in your host machine.
2026/01/16 16:00:39 user_send_message.go:108: aaaaaa
2026/01/16 16:00:39 user_send_message.go:125: write tcp 127.0.0.1:34332->127.0.0.1:4948: wsasend: An existing connection was forcibly closed by the remote host.
2026/01/16 16:00:39 user_send_message.go:108: 1234
2026/01/16 16:00:39 user_send_message.go:28: 1234 85b08017-58aa-4b07-a040-8b66a6c7c907 4
2026/01/16 16:00:39 user_send_message.go:62: []
2026/01/16 16:00:39 user_send_message.go:108: 12345
2026/01/16 16:00:39 user_send_message.go:125: write tcp 127.0.0.1:34332->127.0.0.1:4935: wsasend: An established connection was aborted by the software in your host machine.
2026/01/16 16:00:39 user_send_message.go:108: aaaaaa
2026/01/16 16:00:39 user_send_message.go:125: write tcp 127.0.0.1:34332->127.0.0.1:4948: wsasend: An existing connection was forcibly closed by the remote host.
2026/01/16 16:00:39 user_send_message.go:108: 1234
2026/01/16 16:00:39 user_send_message.go:28: 1234 85b08017-58aa-4b07-a040-8b66a6c7c907 5
2026/01/16 16:00:39 user_send_message.go:62: []
2026/01/16 16:00:39 user_send_message.go:108: 12345
2026/01/16 16:00:39 user_send_message.go:125: write tcp 127.0.0.1:34332->127.0.0.1:4935: wsasend: An established connection was aborted by the software in your host machine.
2026/01/16 16:00:39 user_send_message.go:108: aaaaaa
2026/01/16 16:00:39 user_send_message.go:125: write tcp 127.0.0.1:34332->127.0.0.1:4948: wsasend: An existing connection was forcibly closed by the remote host.
2026/01/16 16:00:39 user_send_message.go:108: 1234
2026/01/16 16:00:40 user_send_message.go:28: 1234 85b08017-58aa-4b07-a040-8b66a6c7c907 6
2026/01/16 16:00:40 user_send_message.go:62: []
2026/01/16 16:00:40 user_send_message.go:108: 12345
2026/01/16 16:00:40 user_send_message.go:125: write tcp 127.0.0.1:34332->127.0.0.1:4935: wsasend: An established connection was aborted by the software in your host machine.
2026/01/16 16:00:40 user_send_message.go:108: aaaaaa
2026/01/16 16:00:40 user_send_message.go:125: write tcp 127.0.0.1:34332->127.0.0.1:4948: wsasend: An existing connection was forcibly closed by the remote host.
2026/01/16 16:00:40 user_send_message.go:108: 1234
2026/01/16 16:00:40 user_send_message.go:28: 1234 85b08017-58aa-4b07-a040-8b66a6c7c907 7
2026/01/16 16:00:40 user_send_message.go:62: []
2026/01/16 16:00:40 user_send_message.go:108: 12345
2026/01/16 16:00:40 user_send_message.go:125: write tcp 127.0.0.1:34332->127.0.0.1:4935: wsasend: An established connection was aborted by the software in your host machine.
2026/01/16 16:00:40 user_send_message.go:108: aaaaaa
2026/01/16 16:00:40 user_send_message.go:125: write tcp 127.0.0.1:34332->127.0.0.1:4948: wsasend: An existing connection was forcibly closed by the remote host.
2026/01/16 16:00:40 user_send_message.go:108: 1234
2026/01/16 16:00:40 user_send_message.go:28: 1234 85b08017-58aa-4b07-a040-8b66a6c7c907 8
2026/01/16 16:00:40 user_send_message.go:62: []
2026/01/16 16:00:40 user_send_message.go:108: 12345
2026/01/16 16:00:40 user_send_message.go:125: write tcp 127.0.0.1:34332->127.0.0.1:4935: wsasend: An established connection was aborted by the software in your host machine.
2026/01/16 16:00:40 user_send_message.go:108: aaaaaa
2026/01/16 16:00:40 user_send_message.go:125: write tcp 127.0.0.1:34332->127.0.0.1:4948: wsasend: An existing connection was forcibly closed by the remote host.
2026/01/16 16:00:40 user_send_message.go:108: 1234
2026/01/16 16:00:41 user_send_message.go:28: 1234 85b08017-58aa-4b07-a040-8b66a6c7c907 98
2026/01/16 16:00:41 user_send_message.go:62: []
2026/01/16 16:00:41 user_send_message.go:108: 12345
2026/01/16 16:00:41 user_send_message.go:125: write tcp 127.0.0.1:34332->127.0.0.1:4935: wsasend: An established connection was aborted by the software in your host machine.
2026/01/16 16:00:41 user_send_message.go:108: aaaaaa
2026/01/16 16:00:41 user_send_message.go:125: write tcp 127.0.0.1:34332->127.0.0.1:4948: wsasend: An existing connection was forcibly closed by the remote host.
2026/01/16 16:00:41 user_send_message.go:108: 1234
2026/01/16 16:14:14 event_bus.go:135: Subscribed to event: websocket
2026/01/16 16:14:14 main.go:121: http server start  0.0.0.0:34332
2026/01/16 16:14:23 user_message_group.go:11: 1234
2026/01/16 16:14:23 register_websocket.go:28: 1234
2026/01/16 16:14:23 register_websocket.go:29: asdasdas123123
2026/01/16 16:15:30 user_message_group.go:11: 1234
2026/01/16 16:15:30 register_websocket.go:28: 1234
2026/01/16 16:15:30 register_websocket.go:29: asdasdas123123
2026/01/16 16:15:37 user_message_group.go:11: 123455
2026/01/16 16:15:37 register_websocket.go:28: 123455
2026/01/16 16:15:37 register_websocket.go:29: asdasdas123123
2026/01/16 16:15:42 user_message_group.go:11: 1234567
2026/01/16 16:15:42 register_websocket.go:28: 1234567
2026/01/16 16:15:42 register_websocket.go:29: asdasdas123123
2026/01/16 16:15:54 user_send_message.go:28: 123455 b2314edb-f47a-4786-8a1f-1df07a28fc67 1
2026/01/16 16:15:54 user_send_message.go:62: []
2026/01/16 16:15:54 user_send_message.go:89: 123455
2026/01/16 16:15:54 user_send_message.go:108: 123455
2026/01/16 16:16:06 user_send_message.go:28: 1234567 b2314edb-f47a-4786-8a1f-1df07a28fc67 1
2026/01/16 16:16:06 user_send_message.go:62: []
2026/01/16 16:16:06 user_send_message.go:89: 123455
2026/01/16 16:16:06 user_send_message.go:89: 1234567
2026/01/16 16:16:06 user_send_message.go:108: 123455
2026/01/16 16:16:06 user_send_message.go:108: 1234567
2026/01/16 16:16:08 user_send_message.go:28: 1234 b2314edb-f47a-4786-8a1f-1df07a28fc67 1
2026/01/16 16:16:08 user_send_message.go:62: []
2026/01/16 16:16:08 user_send_message.go:89: 123455
2026/01/16 16:16:08 user_send_message.go:89: 1234567
2026/01/16 16:16:08 user_send_message.go:89: 1234
2026/01/16 16:16:08 user_send_message.go:108: 123455
2026/01/16 16:16:08 user_send_message.go:108: 1234567
2026/01/16 16:16:08 user_send_message.go:108: 1234
2026/01/16 16:16:12 create_group_chat.go:70: [123455 1234]
2026/01/16 16:16:12 create_group_chat.go:71: &{123455 123455 http://127.0.0.1:34332/avatar/user_avatar/1c039cf4117d84264432e9f9bb0e4702.jpg 0xc0001d3080 在线 [] []}
2026/01/16 16:16:12 create_group_chat.go:70: [123455 1234]
2026/01/16 16:16:12 create_group_chat.go:71: &{1234 1234 http://127.0.0.1:34332/avatar/user_avatar/31fff075fa7354ad03d79a57a0bdf55f.jpg 0xc0005f0160 离线 [] []}
2026/01/16 16:18:44 user_message_group.go:11: 1234
2026/01/16 16:18:44 register_websocket.go:28: 1234
2026/01/16 16:18:44 register_websocket.go:29: asdasdas123123
2026/01/16 16:19:38 user_message_group.go:11: 1234
2026/01/16 16:19:38 register_websocket.go:28: 1234
2026/01/16 16:19:38 register_websocket.go:29: asdasdas123123
2026/01/16 16:21:10 user_message_group.go:11: 1234
2026/01/16 16:21:10 register_websocket.go:28: 1234
2026/01/16 16:21:10 register_websocket.go:29: asdasdas123123
2026/01/16 16:21:43 event_bus.go:135: Subscribed to event: websocket
2026/01/16 16:21:43 main.go:121: http server start  0.0.0.0:34332
2026/01/16 16:22:02 user_message_group.go:11: 1234
2026/01/16 16:22:02 register_websocket.go:28: 1234
2026/01/16 16:22:02 register_websocket.go:29: asdasdas123123
2026/01/16 16:22:14 user_message_group.go:11: 12345
2026/01/16 16:22:14 register_websocket.go:28: 12345
2026/01/16 16:22:14 register_websocket.go:29: asdasdas123123
2026/01/16 16:22:23 user_send_message.go:28: 1234 b8015ac5-e7e7-4dc0-88fa-8c68d8309523 1
2026/01/16 16:22:23 user_send_message.go:62: []
2026/01/16 16:22:23 user_send_message.go:89: 1234
2026/01/16 16:22:23 user_send_message.go:108: 1234
2026/01/16 16:22:25 user_send_message.go:28: 12345 b8015ac5-e7e7-4dc0-88fa-8c68d8309523 1
2026/01/16 16:22:25 user_send_message.go:62: []
2026/01/16 16:22:25 user_send_message.go:89: 1234
2026/01/16 16:22:25 user_send_message.go:89: 12345
2026/01/16 16:22:25 user_send_message.go:108: 1234
2026/01/16 16:22:25 user_send_message.go:108: 12345
2026/01/16 16:22:29 create_group_chat.go:70: [1234 12345]
2026/01/16 16:22:29 create_group_chat.go:71: &{1234 1234 http://127.0.0.1:34332/avatar/user_avatar/31fff075fa7354ad03d79a57a0bdf55f.jpg 0xc0001d2160 在线 [] []}
2026/01/16 16:22:29 create_group_chat.go:70: [1234 12345]
2026/01/16 16:22:29 create_group_chat.go:71: &{12345 12345 http://127.0.0.1:34332/avatar/user_avatar/f6d6f4c109d8ccc07b5689bdba16fe59.jpg 0xc0003ca2c0 在线 [] []}
2026/01/16 16:22:32 user_send_message.go:28: 1234 63853b6d-20a9-4946-bce9-6f82072ae94d 1
2026/01/16 16:22:32 user_send_message.go:62: []
2026/01/16 16:22:32 user_send_message.go:108: 1234
2026/01/16 16:22:32 user_send_message.go:108: 12345
2026/01/16 16:22:37 user_send_message.go:28: 12345 63853b6d-20a9-4946-bce9-6f82072ae94d 2
2026/01/16 16:22:37 user_send_message.go:62: []
2026/01/16 16:22:37 user_send_message.go:108: 1234
2026/01/16 16:22:37 user_send_message.go:108: 12345
2026/01/16 16:23:37 user_message_group.go:11: 1234
2026/01/16 16:23:37 register_websocket.go:28: 1234
2026/01/16 16:23:37 register_websocket.go:29: asdasdas123123
2026/01/16 16:24:43 user_message_group.go:11: 1234
2026/01/16 16:24:43 register_websocket.go:28: 1234
2026/01/16 16:24:43 register_websocket.go:29: asdasdas123123
2026/01/16 16:24:56 user_send_message.go:28: 1234 7b297b2f-7fd8-470d-bf61-d87915dd3d93 1
2026/01/16 16:24:56 user_send_message.go:62: []
2026/01/16 16:24:56 user_send_message.go:89: 1234
2026/01/16 16:24:56 user_send_message.go:108: 1234
2026/01/16 16:31:24 user_message_group.go:11: 1234
2026/01/16 16:31:25 register_websocket.go:28: 1234
2026/01/16 16:31:25 register_websocket.go:29: asdasdas123123
2026/01/16 16:34:44 user_message_group.go:11: 1234
2026/01/16 16:34:45 register_websocket.go:28: 1234
2026/01/16 16:34:45 register_websocket.go:29: asdasdas123123
2026/01/16 16:37:13 user_message_group.go:11: 1234
2026/01/16 16:37:13 register_websocket.go:28: 1234
2026/01/16 16:37:13 register_websocket.go:29: asdasdas123123
2026/01/16 16:37:47 create_group_chat.go:70: [1234]
2026/01/16 16:37:47 create_group_chat.go:71: &{1234 1234 http://127.0.0.1:34332/avatar/user_avatar/31fff075fa7354ad03d79a57a0bdf55f.jpg 0xc000389340 离线 [63853b6d-20a9-4946-bce9-6f82072ae94d] []}
2026/01/16 16:38:28 create_group_chat.go:70: [1234 12345]
2026/01/16 16:38:28 create_group_chat.go:71: &{1234 1234 http://127.0.0.1:34332/avatar/user_avatar/31fff075fa7354ad03d79a57a0bdf55f.jpg 0xc000389340 离线 [908494c7-8df5-4a60-b128-80f678076ef4 63853b6d-20a9-4946-bce9-6f82072ae94d] []}
2026/01/16 16:38:28 create_group_chat.go:70: [1234 12345]
2026/01/16 16:38:28 create_group_chat.go:71: &{12345 12345 http://127.0.0.1:34332/avatar/user_avatar/f6d6f4c109d8ccc07b5689bdba16fe59.jpg 0xc0003ca2c0 离线 [63853b6d-20a9-4946-bce9-6f82072ae94d] []}
2026/01/16 16:38:28 create_group_chat.go:76: write tcp 127.0.0.1:34332->127.0.0.1:9824: wsasend: An existing connection was forcibly closed by the remote host.
2026/01/16 16:38:36 event_bus.go:135: Subscribed to event: websocket
2026/01/16 16:38:36 main.go:121: http server start  0.0.0.0:34332
2026/01/16 16:38:39 register_websocket.go:28: 1234
2026/01/16 16:38:39 register_websocket.go:29: asdasdas123123
2026/01/16 16:38:48 user_message_group.go:11: 12345
2026/01/16 16:38:48 register_websocket.go:28: 12345
2026/01/16 16:38:48 register_websocket.go:29: asdasdas123123
2026/01/16 16:39:38 user_message_group.go:11: 1234
2026/01/16 16:39:38 register_websocket.go:28: 1234
2026/01/16 16:39:38 register_websocket.go:29: asdasdas123123
2026/01/16 16:39:42 user_message_group.go:11: 123
2026/01/16 16:39:42 register_websocket.go:28: 123
2026/01/16 16:39:42 register_websocket.go:29: asdasdas123123
2026/01/16 16:40:00 user_send_message.go:28: 1234 6a40ea25-3a0e-4aba-9857-b51196573421 1
2026/01/16 16:40:00 user_send_message.go:62: []
2026/01/16 16:40:00 user_send_message.go:89: 1234
2026/01/16 16:40:00 user_send_message.go:108: 1234
2026/01/16 16:40:01 user_send_message.go:28: 123 6a40ea25-3a0e-4aba-9857-b51196573421 1
2026/01/16 16:40:01 user_send_message.go:62: []
2026/01/16 16:40:01 user_send_message.go:89: 1234
2026/01/16 16:40:01 user_send_message.go:89: 123
2026/01/16 16:40:01 user_send_message.go:108: 1234
2026/01/16 16:40:01 user_send_message.go:108: 123
2026/01/16 16:40:05 create_group_chat.go:70: [1234 123]
2026/01/16 16:40:05 create_group_chat.go:71: &{1234 1234 http://127.0.0.1:34332/avatar/user_avatar/ceed39b049b3abd2e2ee65b7b3316600.png 0xc0003631e0 在线 [] []}
2026/01/16 16:40:05 create_group_chat.go:70: [1234 123]
2026/01/16 16:40:05 create_group_chat.go:71: &{123 123 http://127.0.0.1:34332/avatar/user_avatar/1c039cf4117d84264432e9f9bb0e4702.jpg 0xc0001d38c0 在线 [] []}
2026/01/16 16:40:42 user_message_group.go:11: 123
2026/01/16 16:40:42 register_websocket.go:28: 123
2026/01/16 16:40:42 register_websocket.go:29: asdasdas123123
2026/01/16 16:41:03 create_group_chat.go:70: [123 1234]
2026/01/16 16:41:03 create_group_chat.go:71: &{123 123 http://127.0.0.1:34332/avatar/user_avatar/1c039cf4117d84264432e9f9bb0e4702.jpg 0xc000362dc0 离线 [2ced0e9b-27f6-408c-ac7c-fcbfbff8ab6a] []}
2026/01/16 16:41:03 create_group_chat.go:70: [123 1234]
2026/01/16 16:41:03 create_group_chat.go:71: &{1234 1234 http://127.0.0.1:34332/avatar/user_avatar/ceed39b049b3abd2e2ee65b7b3316600.png 0xc0003631e0 离线 [2ced0e9b-27f6-408c-ac7c-fcbfbff8ab6a] []}
2026/01/16 16:41:03 create_group_chat.go:76: write tcp 127.0.0.1:34332->127.0.0.1:5526: wsasend: An existing connection was forcibly closed by the remote host.
2026/01/16 16:43:44 user_message_group.go:11: 123
2026/01/16 16:43:44 register_websocket.go:28: 123
2026/01/16 16:43:44 register_websocket.go:29: asdasdas123123
2026/01/16 16:43:52 create_group_chat.go:70: [123 1234]
2026/01/16 16:43:52 create_group_chat.go:71: &{123 123 http://127.0.0.1:34332/avatar/user_avatar/1c039cf4117d84264432e9f9bb0e4702.jpg 0xc0004246e0 离线 [c6f20cdb-fdcc-4bfd-892e-2ca60582b670 2ced0e9b-27f6-408c-ac7c-fcbfbff8ab6a] []}
2026/01/16 16:43:52 create_group_chat.go:70: [123 1234]
2026/01/16 16:43:52 create_group_chat.go:71: &{1234 1234 http://127.0.0.1:34332/avatar/user_avatar/ceed39b049b3abd2e2ee65b7b3316600.png 0xc0003631e0 离线 [c6f20cdb-fdcc-4bfd-892e-2ca60582b670 2ced0e9b-27f6-408c-ac7c-fcbfbff8ab6a] []}
2026/01/16 16:43:52 create_group_chat.go:76: write tcp 127.0.0.1:34332->127.0.0.1:5526: wsasend: An existing connection was forcibly closed by the remote host.
2026/01/16 16:44:11 user_message_group.go:11: 123
2026/01/16 16:44:11 register_websocket.go:28: 123
2026/01/16 16:44:11 register_websocket.go:29: asdasdas123123
2026/01/16 16:44:39 user_message_group.go:11: 123
2026/01/16 16:44:39 register_websocket.go:28: 123
2026/01/16 16:44:39 register_websocket.go:29: asdasdas123123
2026/01/16 16:45:02 event_bus.go:135: Subscribed to event: websocket
2026/01/16 16:45:02 main.go:121: http server start  0.0.0.0:34332
2026/01/16 16:45:04 register_websocket.go:28: 123
2026/01/16 16:45:04 register_websocket.go:29: asdasdas123123
2026/01/16 16:45:24 user_message_group.go:11: 1234
2026/01/16 16:45:25 register_websocket.go:28: 1234
2026/01/16 16:45:25 register_websocket.go:29: asdasdas123123
2026/01/16 16:45:33 user_message_group.go:11: 123
2026/01/16 16:45:33 register_websocket.go:28: 123
2026/01/16 16:45:33 register_websocket.go:29: asdasdas123123
2026/01/16 16:45:35 user_send_message.go:28: 123 8b0bca07-5636-49f9-919c-e2066d1342b1 1
2026/01/16 16:45:35 user_send_message.go:62: []
2026/01/16 16:45:35 user_send_message.go:89: 123
2026/01/16 16:45:35 user_send_message.go:108: 123
2026/01/16 16:45:41 user_send_message.go:28: 1234 8b0bca07-5636-49f9-919c-e2066d1342b1 1
2026/01/16 16:45:41 user_send_message.go:62: []
2026/01/16 16:45:41 user_send_message.go:89: 123
2026/01/16 16:45:41 user_send_message.go:89: 1234
2026/01/16 16:45:41 user_send_message.go:108: 123
2026/01/16 16:45:41 user_send_message.go:108: 1234
2026/01/16 16:45:48 create_group_chat.go:70: [123 1234]
2026/01/16 16:45:48 create_group_chat.go:71: &{123 123 http://127.0.0.1:34332/avatar/user_avatar/1ae05acaf96a70b01b899ca69a935dc6.jpg 0xc0003ca2c0 在线 [] []}
2026/01/16 16:45:48 create_group_chat.go:70: [123 1234]
2026/01/16 16:45:48 create_group_chat.go:71: &{1234 1234 http://127.0.0.1:34332/avatar/user_avatar/fbb901f52a160921db449cd5b1a179a7.png 0xc0001f8160 在线 [] []}
2026/01/16 16:46:04 user_message_group.go:11: 123
2026/01/16 16:46:04 register_websocket.go:28: 123
2026/01/16 16:46:04 register_websocket.go:29: asdasdas123123
2026/01/16 17:15:03 user_message_group.go:11: 123
2026/01/16 17:15:03 register_websocket.go:28: 123
2026/01/16 17:15:03 register_websocket.go:29: asdasdas123123
2026/01/16 17:15:21 user_message_group.go:11: 1234
2026/01/16 17:15:22 register_websocket.go:28: 1234
2026/01/16 17:15:22 register_websocket.go:29: asdasdas123123
2026/01/16 17:15:26 user_send_message.go:28: 1234 0de26deb-ed7d-485d-9207-b8b27b74f0e2 1
2026/01/16 17:15:26 user_send_message.go:62: []
2026/01/16 17:15:26 user_send_message.go:108: 123
2026/01/16 17:15:26 user_send_message.go:108: 1234
2026/01/16 17:15:32 user_send_message.go:28: 123 0de26deb-ed7d-485d-9207-b8b27b74f0e2 2
2026/01/16 17:15:32 user_send_message.go:62: []
2026/01/16 17:15:32 user_send_message.go:108: 123
2026/01/16 17:15:32 user_send_message.go:108: 1234
2026/01/16 17:15:42 user_send_message.go:28: 123 8b0bca07-5636-49f9-919c-e2066d1342b1 111
2026/01/16 17:15:42 user_send_message.go:62: []
2026/01/16 17:15:42 user_send_message.go:108: 123
2026/01/16 17:15:42 user_send_message.go:108: 1234
2026/01/16 17:15:49 user_send_message.go:28: 1234 8b0bca07-5636-49f9-919c-e2066d1342b1 222
2026/01/16 17:15:49 user_send_message.go:62: []
2026/01/16 17:15:49 user_send_message.go:108: 123
2026/01/16 17:15:49 user_send_message.go:108: 1234
2026/01/16 17:15:54 user_send_message.go:28: 123 8b0bca07-5636-49f9-919c-e2066d1342b1 333
2026/01/16 17:15:54 user_send_message.go:62: []
2026/01/16 17:15:54 user_send_message.go:108: 123
2026/01/16 17:15:54 user_send_message.go:108: 1234
2026/01/16 17:23:46 user_message_group.go:11: 1234
2026/01/16 17:23:47 register_websocket.go:28: 1234
2026/01/16 17:23:47 register_websocket.go:29: asdasdas123123
2026/01/16 17:23:50 user_send_message.go:28: 1234 0de26deb-ed7d-485d-9207-b8b27b74f0e2 1
2026/01/16 17:23:50 user_send_message.go:62: []
2026/01/16 17:23:50 user_send_message.go:108: 123
2026/01/16 17:23:50 user_send_message.go:125: write tcp 127.0.0.1:34332->127.0.0.1:8164: wsasend: An established connection was aborted by the software in your host machine.
2026/01/16 17:23:50 user_send_message.go:108: 1234
2026/01/16 17:23:53 user_send_message.go:28: 1234 0de26deb-ed7d-485d-9207-b8b27b74f0e2 2
2026/01/16 17:23:53 user_send_message.go:62: []
2026/01/16 17:23:53 user_send_message.go:108: 123
2026/01/16 17:23:53 user_send_message.go:125: write tcp 127.0.0.1:34332->127.0.0.1:8164: wsasend: An established connection was aborted by the software in your host machine.
2026/01/16 17:23:53 user_send_message.go:108: 1234
2026/01/16 17:23:57 user_send_message.go:28: 1234 0de26deb-ed7d-485d-9207-b8b27b74f0e2 123
2026/01/16 17:23:57 user_send_message.go:62: []
2026/01/16 17:23:57 user_send_message.go:108: 123
2026/01/16 17:23:57 user_send_message.go:125: write tcp 127.0.0.1:34332->127.0.0.1:8164: wsasend: An established connection was aborted by the software in your host machine.
2026/01/16 17:23:57 user_send_message.go:108: 1234
2026/01/16 17:24:08 user_send_message.go:28: 1234 8b0bca07-5636-49f9-919c-e2066d1342b1 3344
2026/01/16 17:24:08 user_send_message.go:62: []
2026/01/16 17:24:08 user_send_message.go:108: 123
2026/01/16 17:24:08 user_send_message.go:125: write tcp 127.0.0.1:34332->127.0.0.1:8164: wsasend: An established connection was aborted by the software in your host machine.
2026/01/16 17:24:08 user_send_message.go:108: 1234
2026/01/16 17:24:17 user_send_message.go:28: 1234 0de26deb-ed7d-485d-9207-b8b27b74f0e2 1
2026/01/16 17:24:17 user_send_message.go:62: []
2026/01/16 17:24:17 user_send_message.go:108: 123
2026/01/16 17:24:17 user_send_message.go:125: write tcp 127.0.0.1:34332->127.0.0.1:8164: wsasend: An established connection was aborted by the software in your host machine.
2026/01/16 17:24:17 user_send_message.go:108: 1234
2026/01/16 17:24:39 user_message_group.go:11: 123
2026/01/16 17:24:39 register_websocket.go:28: 123
2026/01/16 17:24:39 register_websocket.go:29: asdasdas123123
2026/01/16 17:24:55 user_send_message.go:28: 123 0de26deb-ed7d-485d-9207-b8b27b74f0e2 我操
2026/01/16 17:24:55 user_send_message.go:62: []
2026/01/16 17:24:55 user_send_message.go:108: 123
2026/01/16 17:24:55 user_send_message.go:108: 1234
2026/01/16 17:25:02 user_send_message.go:28: 1234 0de26deb-ed7d-485d-9207-b8b27b74f0e2 你是sb吗
2026/01/16 17:25:02 user_send_message.go:62: []
2026/01/16 17:25:02 user_send_message.go:108: 123
2026/01/16 17:25:02 user_send_message.go:108: 1234
2026/01/16 17:25:08 user_send_message.go:28: 123 0de26deb-ed7d-485d-9207-b8b27b74f0e2 ???
2026/01/16 17:25:08 user_send_message.go:62: []
2026/01/16 17:25:08 user_send_message.go:108: 123
2026/01/16 17:25:08 user_send_message.go:108: 1234
2026/01/16 17:25:14 user_send_message.go:28: 1234 0de26deb-ed7d-485d-9207-b8b27b74f0e2 我操
2026/01/16 17:25:14 user_send_message.go:62: []
2026/01/16 17:25:14 user_send_message.go:108: 123
2026/01/16 17:25:14 user_send_message.go:108: 1234
2026/01/16 17:28:19 user_message_group.go:11: 1234
2026/01/16 17:28:19 register_websocket.go:28: 1234
2026/01/16 17:28:19 register_websocket.go:29: asdasdas123123
2026/01/16 17:28:27 user_send_message.go:28: 1234 0de26deb-ed7d-485d-9207-b8b27b74f0e2 ??
2026/01/16 17:28:27 user_send_message.go:62: []
2026/01/16 17:28:27 user_send_message.go:108: 123
2026/01/16 17:28:27 user_send_message.go:125: write tcp 127.0.0.1:34332->127.0.0.1:6519: wsasend: An established connection was aborted by the software in your host machine.
2026/01/16 17:28:27 user_send_message.go:108: 1234
2026/01/16 17:28:37 user_message_group.go:11: 1234
2026/01/16 17:28:38 register_websocket.go:28: 1234
2026/01/16 17:28:38 register_websocket.go:29: asdasdas123123
2026/01/16 17:28:48 user_send_message.go:28: 1234 0de26deb-ed7d-485d-9207-b8b27b74f0e2 111
2026/01/16 17:28:48 user_send_message.go:62: []
2026/01/16 17:28:48 user_send_message.go:108: 123
2026/01/16 17:28:48 user_send_message.go:125: write tcp 127.0.0.1:34332->127.0.0.1:6519: wsasend: An established connection was aborted by the software in your host machine.
2026/01/16 17:28:48 user_send_message.go:108: 1234
2026/01/16 17:29:05 user_send_message.go:28: 1234 0de26deb-ed7d-485d-9207-b8b27b74f0e2 ??
2026/01/16 17:29:05 user_send_message.go:62: []
2026/01/16 17:29:05 user_send_message.go:108: 123
2026/01/16 17:29:05 user_send_message.go:125: write tcp 127.0.0.1:34332->127.0.0.1:6519: wsasend: An established connection was aborted by the software in your host machine.
2026/01/16 17:29:05 user_send_message.go:108: 1234
2026/01/16 17:29:13 user_send_message.go:28: 1234 bb6027d7-5ef1-49ba-bc08-c1162219a8ca 1
2026/01/16 17:29:13 user_send_message.go:62: []
2026/01/16 17:29:13 user_send_message.go:89: 1234
2026/01/16 17:29:13 user_send_message.go:108: 1234
2026/01/16 17:29:17 user_send_message.go:28: 1234 b51ea459-fcbf-49ed-81eb-224b6866ad16 1
2026/01/16 17:29:17 user_send_message.go:62: []
2026/01/16 17:29:17 user_send_message.go:89: 1234
2026/01/16 17:29:17 user_send_message.go:108: 1234
2026/01/16 17:29:24 user_send_message.go:28: 1234 d0ef723a-3625-45a7-a13a-2bb64e589bb4 1
2026/01/16 17:29:24 user_send_message.go:62: []
2026/01/16 17:29:24 user_send_message.go:89: 1234
2026/01/16 17:29:24 user_send_message.go:108: 1234
2026/01/16 17:51:56 user_message_group.go:11: 1234
2026/01/16 17:51:56 register_websocket.go:28: 1234
2026/01/16 17:51:56 register_websocket.go:29: asdasdas123123
2026/01/16 17:52:36 user_message_group.go:11: 1234
2026/01/16 17:52:36 register_websocket.go:28: 1234
2026/01/16 17:52:36 register_websocket.go:29: asdasdas123123
2026/01/16 17:53:13 user_message_group.go:11: 1234
2026/01/16 17:53:14 register_websocket.go:28: 1234
2026/01/16 17:53:14 register_websocket.go:29: asdasdas123123
2026/01/16 17:53:47 user_message_group.go:11: 1234
2026/01/16 17:53:48 register_websocket.go:28: 1234
2026/01/16 17:53:48 register_websocket.go:29: asdasdas123123
2026/01/16 17:54:50 user_message_group.go:11: 1234
2026/01/16 17:54:51 register_websocket.go:28: 1234
2026/01/16 17:54:51 register_websocket.go:29: asdasdas123123
2026/01/16 17:56:11 user_message_group.go:11: 1234
2026/01/16 17:56:11 register_websocket.go:28: 1234
2026/01/16 17:56:11 register_websocket.go:29: asdasdas123123
